<?xml version="1.0" encoding="UTF-8"?>
<coverage generated="1620313795">
  <project timestamp="1620313795">
    <file name="/home/manoj-root/php/phpsdk/src/AddToPaylinkParam.php">
      <class name="GravityLegal\GravityLegalAPI\AddToPaylinkParam" namespace="global">
        <metrics complexity="0" methods="0" coveredmethods="0" conditionals="0" coveredconditionals="0" statements="0" coveredstatements="0" elements="0" coveredelements="0"/>
      </class>
      <metrics loc="7" ncloc="7" classes="0" methods="0" coveredmethods="0" conditionals="0" coveredconditionals="0" statements="0" coveredstatements="0" elements="0" coveredelements="0"/>
    </file>
    <file name="/home/manoj-root/php/phpsdk/src/AdditionalAmount.php">
      <class name="GravityLegal\GravityLegalAPI\AdditionalAmount" namespace="global">
        <metrics complexity="0" methods="0" coveredmethods="0" conditionals="0" coveredconditionals="0" statements="0" coveredstatements="0" elements="0" coveredelements="0"/>
      </class>
      <metrics loc="9" ncloc="9" classes="0" methods="0" coveredmethods="0" conditionals="0" coveredconditionals="0" statements="0" coveredstatements="0" elements="0" coveredelements="0"/>
    </file>
    <file name="/home/manoj-root/php/phpsdk/src/AdditionalData.php">
      <class name="GravityLegal\GravityLegalAPI\QBAccountsInfo" namespace="global">
        <metrics complexity="0" methods="0" coveredmethods="0" conditionals="0" coveredconditionals="0" statements="0" coveredstatements="0" elements="0" coveredelements="0"/>
      </class>
      <class name="GravityLegal\GravityLegalAPI\AdditionalData" namespace="global">
        <metrics complexity="0" methods="0" coveredmethods="0" conditionals="0" coveredconditionals="0" statements="0" coveredstatements="0" elements="0" coveredelements="0"/>
      </class>
      <metrics loc="15" ncloc="15" classes="0" methods="0" coveredmethods="0" conditionals="0" coveredconditionals="0" statements="0" coveredstatements="0" elements="0" coveredelements="0"/>
    </file>
    <file name="/home/manoj-root/php/phpsdk/src/App.php">
      <class name="GravityLegal\GravityLegalAPI\App" namespace="global">
        <metrics complexity="0" methods="0" coveredmethods="0" conditionals="0" coveredconditionals="0" statements="0" coveredstatements="0" elements="0" coveredelements="0"/>
      </class>
      <metrics loc="10" ncloc="10" classes="0" methods="0" coveredmethods="0" conditionals="0" coveredconditionals="0" statements="0" coveredstatements="0" elements="0" coveredelements="0"/>
    </file>
    <file name="/home/manoj-root/php/phpsdk/src/AppData.php">
      <class name="GravityLegal\GravityLegalAPI\Logo" namespace="global">
        <metrics complexity="0" methods="0" coveredmethods="0" conditionals="0" coveredconditionals="0" statements="0" coveredstatements="0" elements="0" coveredelements="0"/>
      </class>
      <class name="GravityLegal\GravityLegalAPI\AppData" namespace="global">
        <metrics complexity="0" methods="0" coveredmethods="0" conditionals="0" coveredconditionals="0" statements="0" coveredstatements="0" elements="0" coveredelements="0"/>
      </class>
      <line num="14" type="stmt" count="1"/>
      <metrics loc="13" ncloc="13" classes="0" methods="0" coveredmethods="0" conditionals="0" coveredconditionals="0" statements="0" coveredstatements="0" elements="0" coveredelements="0"/>
    </file>
    <file name="/home/manoj-root/php/phpsdk/src/Balance.php">
      <class name="GravityLegal\GravityLegalAPI\Balance" namespace="global">
        <metrics complexity="0" methods="0" coveredmethods="0" conditionals="0" coveredconditionals="0" statements="0" coveredstatements="0" elements="0" coveredelements="0"/>
      </class>
      <metrics loc="17" ncloc="17" classes="0" methods="0" coveredmethods="0" conditionals="0" coveredconditionals="0" statements="0" coveredstatements="0" elements="0" coveredelements="0"/>
    </file>
    <file name="/home/manoj-root/php/phpsdk/src/BankAccount.php">
      <class name="GravityLegal\GravityLegalAPI\BankAccount" namespace="global">
        <metrics complexity="0" methods="0" coveredmethods="0" conditionals="0" coveredconditionals="0" statements="0" coveredstatements="0" elements="0" coveredelements="0"/>
      </class>
      <line num="12" type="stmt" count="1"/>
      <metrics loc="11" ncloc="11" classes="0" methods="0" coveredmethods="0" conditionals="0" coveredconditionals="0" statements="0" coveredstatements="0" elements="0" coveredelements="0"/>
    </file>
    <file name="/home/manoj-root/php/phpsdk/src/BankAccountResult.php">
      <class name="GravityLegal\GravityLegalAPI\BankAccountResultResult" namespace="global">
        <metrics complexity="0" methods="0" coveredmethods="0" conditionals="0" coveredconditionals="0" statements="0" coveredstatements="0" elements="0" coveredelements="0"/>
      </class>
      <class name="GravityLegal\GravityLegalAPI\BankAccountResult" namespace="global">
        <metrics complexity="0" methods="0" coveredmethods="0" conditionals="0" coveredconditionals="0" statements="0" coveredstatements="0" elements="0" coveredelements="0"/>
      </class>
      <metrics loc="13" ncloc="12" classes="0" methods="0" coveredmethods="0" conditionals="0" coveredconditionals="0" statements="0" coveredstatements="0" elements="0" coveredelements="0"/>
    </file>
    <file name="/home/manoj-root/php/phpsdk/src/BinData.php">
      <class name="GravityLegal\GravityLegalAPI\Country" namespace="global">
        <metrics complexity="0" methods="0" coveredmethods="0" conditionals="0" coveredconditionals="0" statements="0" coveredstatements="0" elements="0" coveredelements="0"/>
      </class>
      <class name="GravityLegal\GravityLegalAPI\BinData" namespace="global">
        <metrics complexity="0" methods="0" coveredmethods="0" conditionals="0" coveredconditionals="0" statements="0" coveredstatements="0" elements="0" coveredelements="0"/>
      </class>
      <metrics loc="22" ncloc="22" classes="0" methods="0" coveredmethods="0" conditionals="0" coveredconditionals="0" statements="0" coveredstatements="0" elements="0" coveredelements="0"/>
    </file>
    <file name="/home/manoj-root/php/phpsdk/src/BooleanResponse.php">
      <class name="GravityLegal\GravityLegalAPI\BooleanResponseResult" namespace="global">
        <metrics complexity="0" methods="0" coveredmethods="0" conditionals="0" coveredconditionals="0" statements="0" coveredstatements="0" elements="0" coveredelements="0"/>
      </class>
      <class name="GravityLegal\GravityLegalAPI\BooleanResponse" namespace="global">
        <metrics complexity="0" methods="0" coveredmethods="0" conditionals="0" coveredconditionals="0" statements="0" coveredstatements="0" elements="0" coveredelements="0"/>
      </class>
      <metrics loc="10" ncloc="10" classes="0" methods="0" coveredmethods="0" conditionals="0" coveredconditionals="0" statements="0" coveredstatements="0" elements="0" coveredelements="0"/>
    </file>
    <file name="/home/manoj-root/php/phpsdk/src/Client.php">
      <class name="GravityLegal\GravityLegalAPI\Client" namespace="global">
        <metrics complexity="0" methods="0" coveredmethods="0" conditionals="0" coveredconditionals="0" statements="0" coveredstatements="0" elements="0" coveredelements="0"/>
      </class>
      <metrics loc="31" ncloc="30" classes="0" methods="0" coveredmethods="0" conditionals="0" coveredconditionals="0" statements="0" coveredstatements="0" elements="0" coveredelements="0"/>
    </file>
    <file name="/home/manoj-root/php/phpsdk/src/ClientInstanceInfoResponse.php">
      <class name="GravityLegal\GravityLegalAPI\ReferencedBy" namespace="global">
        <metrics complexity="0" methods="0" coveredmethods="0" conditionals="0" coveredconditionals="0" statements="0" coveredstatements="0" elements="0" coveredelements="0"/>
      </class>
      <class name="GravityLegal\GravityLegalAPI\Reference" namespace="global">
        <metrics complexity="0" methods="0" coveredmethods="0" conditionals="0" coveredconditionals="0" statements="0" coveredstatements="0" elements="0" coveredelements="0"/>
      </class>
      <class name="GravityLegal\GravityLegalAPI\ClientInstanceInfoResponseResult" namespace="global">
        <metrics complexity="0" methods="0" coveredmethods="0" conditionals="0" coveredconditionals="0" statements="0" coveredstatements="0" elements="0" coveredelements="0"/>
      </class>
      <class name="GravityLegal\GravityLegalAPI\ClientInstanceInfoResponse" namespace="global">
        <metrics complexity="0" methods="0" coveredmethods="0" conditionals="0" coveredconditionals="0" statements="0" coveredstatements="0" elements="0" coveredelements="0"/>
      </class>
      <metrics loc="24" ncloc="19" classes="0" methods="0" coveredmethods="0" conditionals="0" coveredconditionals="0" statements="0" coveredstatements="0" elements="0" coveredelements="0"/>
    </file>
    <file name="/home/manoj-root/php/phpsdk/src/ClientResult.php">
      <class name="GravityLegal\GravityLegalAPI\ClientResultResult" namespace="global">
        <metrics complexity="0" methods="0" coveredmethods="0" conditionals="0" coveredconditionals="0" statements="0" coveredstatements="0" elements="0" coveredelements="0"/>
      </class>
      <class name="GravityLegal\GravityLegalAPI\ClientResult" namespace="global">
        <metrics complexity="0" methods="0" coveredmethods="0" conditionals="0" coveredconditionals="0" statements="0" coveredstatements="0" elements="0" coveredelements="0"/>
      </class>
      <metrics loc="14" ncloc="13" classes="0" methods="0" coveredmethods="0" conditionals="0" coveredconditionals="0" statements="0" coveredstatements="0" elements="0" coveredelements="0"/>
    </file>
    <file name="/home/manoj-root/php/phpsdk/src/Contact.php">
      <class name="GravityLegal\GravityLegalAPI\Contact" namespace="global">
        <metrics complexity="0" methods="0" coveredmethods="0" conditionals="0" coveredconditionals="0" statements="0" coveredstatements="0" elements="0" coveredelements="0"/>
      </class>
      <metrics loc="15" ncloc="15" classes="0" methods="0" coveredmethods="0" conditionals="0" coveredconditionals="0" statements="0" coveredstatements="0" elements="0" coveredelements="0"/>
    </file>
    <file name="/home/manoj-root/php/phpsdk/src/ContactResult.php">
      <class name="GravityLegal\GravityLegalAPI\ContactResultResult" namespace="global">
        <metrics complexity="0" methods="0" coveredmethods="0" conditionals="0" coveredconditionals="0" statements="0" coveredstatements="0" elements="0" coveredelements="0"/>
      </class>
      <class name="GravityLegal\GravityLegalAPI\ContactResult" namespace="global">
        <metrics complexity="0" methods="0" coveredmethods="0" conditionals="0" coveredconditionals="0" statements="0" coveredstatements="0" elements="0" coveredelements="0"/>
      </class>
      <metrics loc="13" ncloc="12" classes="0" methods="0" coveredmethods="0" conditionals="0" coveredconditionals="0" statements="0" coveredstatements="0" elements="0" coveredelements="0"/>
    </file>
    <file name="/home/manoj-root/php/phpsdk/src/CreateClient.php">
      <class name="GravityLegal\GravityLegalAPI\CreateClient" namespace="global">
        <metrics complexity="0" methods="0" coveredmethods="0" conditionals="0" coveredconditionals="0" statements="0" coveredstatements="0" elements="0" coveredelements="0"/>
      </class>
      <metrics loc="11" ncloc="11" classes="0" methods="0" coveredmethods="0" conditionals="0" coveredconditionals="0" statements="0" coveredstatements="0" elements="0" coveredelements="0"/>
    </file>
    <file name="/home/manoj-root/php/phpsdk/src/CreateClientResponse.php">
      <class name="GravityLegal\GravityLegalAPI\CreateClientResponse" namespace="global">
        <metrics complexity="0" methods="0" coveredmethods="0" conditionals="0" coveredconditionals="0" statements="0" coveredstatements="0" elements="0" coveredelements="0"/>
      </class>
      <metrics loc="6" ncloc="6" classes="0" methods="0" coveredmethods="0" conditionals="0" coveredconditionals="0" statements="0" coveredstatements="0" elements="0" coveredelements="0"/>
    </file>
    <file name="/home/manoj-root/php/phpsdk/src/CreateContact.php">
      <class name="GravityLegal\GravityLegalAPI\CreateContact" namespace="global">
        <metrics complexity="0" methods="0" coveredmethods="0" conditionals="0" coveredconditionals="0" statements="0" coveredstatements="0" elements="0" coveredelements="0"/>
      </class>
      <metrics loc="11" ncloc="11" classes="0" methods="0" coveredmethods="0" conditionals="0" coveredconditionals="0" statements="0" coveredstatements="0" elements="0" coveredelements="0"/>
    </file>
    <file name="/home/manoj-root/php/phpsdk/src/CreateContactResponse.php">
      <class name="GravityLegal\GravityLegalAPI\CreateContactResponse" namespace="global">
        <metrics complexity="0" methods="0" coveredmethods="0" conditionals="0" coveredconditionals="0" statements="0" coveredstatements="0" elements="0" coveredelements="0"/>
      </class>
      <metrics loc="7" ncloc="7" classes="0" methods="0" coveredmethods="0" conditionals="0" coveredconditionals="0" statements="0" coveredstatements="0" elements="0" coveredelements="0"/>
    </file>
    <file name="/home/manoj-root/php/phpsdk/src/CreateCustomer.php">
      <class name="GravityLegal\GravityLegalAPI\CreateCustomer" namespace="global">
        <metrics complexity="0" methods="0" coveredmethods="0" conditionals="0" coveredconditionals="0" statements="0" coveredstatements="0" elements="0" coveredelements="0"/>
      </class>
      <metrics loc="11" ncloc="11" classes="0" methods="0" coveredmethods="0" conditionals="0" coveredconditionals="0" statements="0" coveredstatements="0" elements="0" coveredelements="0"/>
    </file>
    <file name="/home/manoj-root/php/phpsdk/src/CreateCustomerResult.php">
      <class name="GravityLegal\GravityLegalAPI\CreateCustomerResult" namespace="global">
        <metrics complexity="0" methods="0" coveredmethods="0" conditionals="0" coveredconditionals="0" statements="0" coveredstatements="0" elements="0" coveredelements="0"/>
      </class>
      <metrics loc="7" ncloc="7" classes="0" methods="0" coveredmethods="0" conditionals="0" coveredconditionals="0" statements="0" coveredstatements="0" elements="0" coveredelements="0"/>
    </file>
    <file name="/home/manoj-root/php/phpsdk/src/CreateMatter.php">
      <class name="GravityLegal\GravityLegalAPI\CreateMatter" namespace="global">
        <metrics complexity="0" methods="0" coveredmethods="0" conditionals="0" coveredconditionals="0" statements="0" coveredstatements="0" elements="0" coveredelements="0"/>
      </class>
      <metrics loc="12" ncloc="12" classes="0" methods="0" coveredmethods="0" conditionals="0" coveredconditionals="0" statements="0" coveredstatements="0" elements="0" coveredelements="0"/>
    </file>
    <file name="/home/manoj-root/php/phpsdk/src/CreateMatterResponse.php">
      <class name="GravityLegal\GravityLegalAPI\CreateMatterResponse" namespace="global">
        <metrics complexity="0" methods="0" coveredmethods="0" conditionals="0" coveredconditionals="0" statements="0" coveredstatements="0" elements="0" coveredelements="0"/>
      </class>
      <metrics loc="7" ncloc="7" classes="0" methods="0" coveredmethods="0" conditionals="0" coveredconditionals="0" statements="0" coveredstatements="0" elements="0" coveredelements="0"/>
    </file>
    <file name="/home/manoj-root/php/phpsdk/src/CreatePaylink.php">
      <class name="GravityLegal\GravityLegalAPI\CreatePaylink" namespace="global">
        <metrics complexity="0" methods="0" coveredmethods="0" conditionals="0" coveredconditionals="0" statements="0" coveredstatements="0" elements="0" coveredelements="0"/>
      </class>
      <metrics loc="15" ncloc="14" classes="0" methods="0" coveredmethods="0" conditionals="0" coveredconditionals="0" statements="0" coveredstatements="0" elements="0" coveredelements="0"/>
    </file>
    <file name="/home/manoj-root/php/phpsdk/src/CreatePaylinkResponse.php">
      <class name="GravityLegal\GravityLegalAPI\CreatePaylinkResponse" namespace="global">
        <metrics complexity="0" methods="0" coveredmethods="0" conditionals="0" coveredconditionals="0" statements="0" coveredstatements="0" elements="0" coveredelements="0"/>
      </class>
      <metrics loc="6" ncloc="6" classes="0" methods="0" coveredmethods="0" conditionals="0" coveredconditionals="0" statements="0" coveredstatements="0" elements="0" coveredelements="0"/>
    </file>
    <file name="/home/manoj-root/php/phpsdk/src/CreateUser.php">
      <class name="GravityLegal\GravityLegalAPI\CreateUser" namespace="global">
        <metrics complexity="0" methods="0" coveredmethods="0" conditionals="0" coveredconditionals="0" statements="0" coveredstatements="0" elements="0" coveredelements="0"/>
      </class>
      <metrics loc="47" ncloc="12" classes="0" methods="0" coveredmethods="0" conditionals="0" coveredconditionals="0" statements="0" coveredstatements="0" elements="0" coveredelements="0"/>
    </file>
    <file name="/home/manoj-root/php/phpsdk/src/CreateUserResponse.php">
      <class name="GravityLegal\GravityLegalAPI\CreateUserResponseResult" namespace="global">
        <metrics complexity="1" methods="1" coveredmethods="1" conditionals="0" coveredconditionals="0" statements="10" coveredstatements="10" elements="11" coveredelements="11"/>
      </class>
      <class name="GravityLegal\GravityLegalAPI\CreateUserResponse" namespace="global">
        <metrics complexity="0" methods="0" coveredmethods="0" conditionals="0" coveredconditionals="0" statements="0" coveredstatements="0" elements="0" coveredelements="0"/>
      </class>
      <line num="22" type="method" name="GetCreatedUser" visibility="public" complexity="1" crap="1" count="1"/>
      <line num="23" type="stmt" count="1"/>
      <line num="24" type="stmt" count="1"/>
      <line num="25" type="stmt" count="1"/>
      <line num="26" type="stmt" count="1"/>
      <line num="27" type="stmt" count="1"/>
      <line num="28" type="stmt" count="1"/>
      <line num="29" type="stmt" count="1"/>
      <line num="30" type="stmt" count="1"/>
      <line num="31" type="stmt" count="1"/>
      <line num="32" type="stmt" count="1"/>
      <metrics loc="38" ncloc="38" classes="1" methods="1" coveredmethods="1" conditionals="0" coveredconditionals="0" statements="10" coveredstatements="10" elements="11" coveredelements="11"/>
    </file>
    <file name="/home/manoj-root/php/phpsdk/src/Currency.php">
      <class name="GravityLegal\GravityLegalAPI\Currency" namespace="global">
        <metrics complexity="0" methods="0" coveredmethods="0" conditionals="0" coveredconditionals="0" statements="0" coveredstatements="0" elements="0" coveredelements="0"/>
      </class>
      <metrics loc="7" ncloc="7" classes="0" methods="0" coveredmethods="0" conditionals="0" coveredconditionals="0" statements="0" coveredstatements="0" elements="0" coveredelements="0"/>
    </file>
    <file name="/home/manoj-root/php/phpsdk/src/Customer.php">
      <class name="GravityLegal\GravityLegalAPI\EmailTemplate" namespace="global">
        <metrics complexity="0" methods="0" coveredmethods="0" conditionals="0" coveredconditionals="0" statements="0" coveredstatements="0" elements="0" coveredelements="0"/>
      </class>
      <class name="GravityLegal\GravityLegalAPI\EnvelopeSettings" namespace="global">
        <metrics complexity="0" methods="0" coveredmethods="0" conditionals="0" coveredconditionals="0" statements="0" coveredstatements="0" elements="0" coveredelements="0"/>
      </class>
      <class name="GravityLegal\GravityLegalAPI\Partner" namespace="global">
        <metrics complexity="0" methods="0" coveredmethods="0" conditionals="0" coveredconditionals="0" statements="0" coveredstatements="0" elements="0" coveredelements="0"/>
      </class>
      <class name="GravityLegal\GravityLegalAPI\Customer" namespace="global">
        <metrics complexity="0" methods="0" coveredmethods="0" conditionals="0" coveredconditionals="0" statements="0" coveredstatements="0" elements="0" coveredelements="0"/>
      </class>
      <metrics loc="65" ncloc="65" classes="0" methods="0" coveredmethods="0" conditionals="0" coveredconditionals="0" statements="0" coveredstatements="0" elements="0" coveredelements="0"/>
    </file>
    <file name="/home/manoj-root/php/phpsdk/src/CustomerApiToken.php">
      <class name="GravityLegal\GravityLegalAPI\CustomerApiToken" namespace="global">
        <metrics complexity="0" methods="0" coveredmethods="0" conditionals="0" coveredconditionals="0" statements="0" coveredstatements="0" elements="0" coveredelements="0"/>
      </class>
      <metrics loc="10" ncloc="10" classes="0" methods="0" coveredmethods="0" conditionals="0" coveredconditionals="0" statements="0" coveredstatements="0" elements="0" coveredelements="0"/>
    </file>
    <file name="/home/manoj-root/php/phpsdk/src/CustomerResult.php">
      <class name="GravityLegal\GravityLegalAPI\CustomerResultResult" namespace="global">
        <metrics complexity="0" methods="0" coveredmethods="0" conditionals="0" coveredconditionals="0" statements="0" coveredstatements="0" elements="0" coveredelements="0"/>
      </class>
      <class name="GravityLegal\GravityLegalAPI\CustomerResult" namespace="global">
        <metrics complexity="0" methods="0" coveredmethods="0" conditionals="0" coveredconditionals="0" statements="0" coveredstatements="0" elements="0" coveredelements="0"/>
      </class>
      <metrics loc="13" ncloc="12" classes="0" methods="0" coveredmethods="0" conditionals="0" coveredconditionals="0" statements="0" coveredstatements="0" elements="0" coveredelements="0"/>
    </file>
    <file name="/home/manoj-root/php/phpsdk/src/CustomerTxnResult.php">
      <class name="GravityLegal\GravityLegalAPI\CustomerTxnResultResult" namespace="global">
        <metrics complexity="0" methods="0" coveredmethods="0" conditionals="0" coveredconditionals="0" statements="0" coveredstatements="0" elements="0" coveredelements="0"/>
      </class>
      <class name="GravityLegal\GravityLegalAPI\CustomerTxnResult" namespace="global">
        <metrics complexity="0" methods="0" coveredmethods="0" conditionals="0" coveredconditionals="0" statements="0" coveredstatements="0" elements="0" coveredelements="0"/>
      </class>
      <metrics loc="14" ncloc="13" classes="0" methods="0" coveredmethods="0" conditionals="0" coveredconditionals="0" statements="0" coveredstatements="0" elements="0" coveredelements="0"/>
    </file>
    <file name="/home/manoj-root/php/phpsdk/src/DefaultDepositAccounts.php">
      <class name="GravityLegal\GravityLegalAPI\DefaultDepositAccounts" namespace="global">
        <metrics complexity="0" methods="0" coveredmethods="0" conditionals="0" coveredconditionals="0" statements="0" coveredstatements="0" elements="0" coveredelements="0"/>
      </class>
      <metrics loc="8" ncloc="8" classes="0" methods="0" coveredmethods="0" conditionals="0" coveredconditionals="0" statements="0" coveredstatements="0" elements="0" coveredelements="0"/>
    </file>
    <file name="/home/manoj-root/php/phpsdk/src/DeleteRequestResponse.php">
      <class name="GravityLegal\GravityLegalAPI\DeleteRequestResponseResult" namespace="global">
        <metrics complexity="0" methods="0" coveredmethods="0" conditionals="0" coveredconditionals="0" statements="0" coveredstatements="0" elements="0" coveredelements="0"/>
      </class>
      <class name="GravityLegal\GravityLegalAPI\DeleteRequestResponse" namespace="global">
        <metrics complexity="0" methods="0" coveredmethods="0" conditionals="0" coveredconditionals="0" statements="0" coveredstatements="0" elements="0" coveredelements="0"/>
      </class>
      <metrics loc="11" ncloc="11" classes="0" methods="0" coveredmethods="0" conditionals="0" coveredconditionals="0" statements="0" coveredstatements="0" elements="0" coveredelements="0"/>
    </file>
    <file name="/home/manoj-root/php/phpsdk/src/EntityCreationResult.php">
      <class name="GravityLegal\GravityLegalAPI\EntityCreationResult" namespace="global">
        <metrics complexity="0" methods="0" coveredmethods="0" conditionals="0" coveredconditionals="0" statements="0" coveredstatements="0" elements="0" coveredelements="0"/>
      </class>
      <metrics loc="7" ncloc="7" classes="0" methods="0" coveredmethods="0" conditionals="0" coveredconditionals="0" statements="0" coveredstatements="0" elements="0" coveredelements="0"/>
    </file>
    <file name="/home/manoj-root/php/phpsdk/src/EntityQueryResult.php">
      <class name="GravityLegal\GravityLegalAPI\EntityQueryResult" namespace="global">
        <metrics complexity="0" methods="0" coveredmethods="0" conditionals="0" coveredconditionals="0" statements="0" coveredstatements="0" elements="0" coveredelements="0"/>
      </class>
      <line num="6" type="stmt" count="1"/>
      <metrics loc="5" ncloc="5" classes="0" methods="0" coveredmethods="0" conditionals="0" coveredconditionals="0" statements="0" coveredstatements="0" elements="0" coveredelements="0"/>
    </file>
    <file name="/home/manoj-root/php/phpsdk/src/Facades/GravityLegal.php">
      <class name="GravityLegal\GravityLegalAPI\Facades\GravityLegal" namespace="global">
        <metrics complexity="1" methods="1" coveredmethods="0" conditionals="0" coveredconditionals="0" statements="1" coveredstatements="0" elements="2" coveredelements="0"/>
      </class>
      <line num="6" type="stmt" count="0"/>
      <line num="8" type="method" name="getFacadeAccessor" visibility="protected" complexity="1" crap="2" count="0"/>
      <line num="10" type="stmt" count="0"/>
      <line num="12" type="stmt" count="0"/>
      <metrics loc="11" ncloc="11" classes="1" methods="1" coveredmethods="0" conditionals="0" coveredconditionals="0" statements="2" coveredstatements="0" elements="3" coveredelements="0"/>
    </file>
    <file name="/home/manoj-root/php/phpsdk/src/GetBankAccountResult.php">
      <class name="GravityLegal\GravityLegalAPI\GetBankAccountResult" namespace="global">
        <metrics complexity="0" methods="0" coveredmethods="0" conditionals="0" coveredconditionals="0" statements="0" coveredstatements="0" elements="0" coveredelements="0"/>
      </class>
      <metrics loc="6" ncloc="6" classes="0" methods="0" coveredmethods="0" conditionals="0" coveredconditionals="0" statements="0" coveredstatements="0" elements="0" coveredelements="0"/>
    </file>
    <file name="/home/manoj-root/php/phpsdk/src/GetClientResult.php">
      <class name="GravityLegal\GravityLegalAPI\GetClientResult" namespace="global">
        <metrics complexity="0" methods="0" coveredmethods="0" conditionals="0" coveredconditionals="0" statements="0" coveredstatements="0" elements="0" coveredelements="0"/>
      </class>
      <metrics loc="7" ncloc="7" classes="0" methods="0" coveredmethods="0" conditionals="0" coveredconditionals="0" statements="0" coveredstatements="0" elements="0" coveredelements="0"/>
    </file>
    <file name="/home/manoj-root/php/phpsdk/src/GetContactResult.php">
      <class name="GravityLegal\GravityLegalAPI\GetContactResult" namespace="global">
        <metrics complexity="0" methods="0" coveredmethods="0" conditionals="0" coveredconditionals="0" statements="0" coveredstatements="0" elements="0" coveredelements="0"/>
      </class>
      <metrics loc="6" ncloc="6" classes="0" methods="0" coveredmethods="0" conditionals="0" coveredconditionals="0" statements="0" coveredstatements="0" elements="0" coveredelements="0"/>
    </file>
    <file name="/home/manoj-root/php/phpsdk/src/GetCustomerResult.php">
      <class name="GravityLegal\GravityLegalAPI\GetCustomerResult" namespace="global">
        <metrics complexity="0" methods="0" coveredmethods="0" conditionals="0" coveredconditionals="0" statements="0" coveredstatements="0" elements="0" coveredelements="0"/>
      </class>
      <metrics loc="6" ncloc="6" classes="0" methods="0" coveredmethods="0" conditionals="0" coveredconditionals="0" statements="0" coveredstatements="0" elements="0" coveredelements="0"/>
    </file>
    <file name="/home/manoj-root/php/phpsdk/src/GetMatterResult.php">
      <class name="GravityLegal\GravityLegalAPI\GetMatterResult" namespace="global">
        <metrics complexity="0" methods="0" coveredmethods="0" conditionals="0" coveredconditionals="0" statements="0" coveredstatements="0" elements="0" coveredelements="0"/>
      </class>
      <metrics loc="6" ncloc="6" classes="0" methods="0" coveredmethods="0" conditionals="0" coveredconditionals="0" statements="0" coveredstatements="0" elements="0" coveredelements="0"/>
    </file>
    <file name="/home/manoj-root/php/phpsdk/src/GetPaylinkResult.php">
      <class name="GravityLegal\GravityLegalAPI\GetPaylinkResult" namespace="global">
        <metrics complexity="0" methods="0" coveredmethods="0" conditionals="0" coveredconditionals="0" statements="0" coveredstatements="0" elements="0" coveredelements="0"/>
      </class>
      <line num="6" type="stmt" count="1"/>
      <metrics loc="5" ncloc="5" classes="0" methods="0" coveredmethods="0" conditionals="0" coveredconditionals="0" statements="0" coveredstatements="0" elements="0" coveredelements="0"/>
    </file>
    <file name="/home/manoj-root/php/phpsdk/src/GetPaymentResult.php">
      <class name="GravityLegal\GravityLegalAPI\GetPaymentResult" namespace="global">
        <metrics complexity="0" methods="0" coveredmethods="0" conditionals="0" coveredconditionals="0" statements="0" coveredstatements="0" elements="0" coveredelements="0"/>
      </class>
      <metrics loc="6" ncloc="6" classes="0" methods="0" coveredmethods="0" conditionals="0" coveredconditionals="0" statements="0" coveredstatements="0" elements="0" coveredelements="0"/>
    </file>
    <file name="/home/manoj-root/php/phpsdk/src/GravityLegalService.php">
      <class name="GravityLegal\GravityLegalAPI\GravityLegalService" namespace="global">
        <metrics complexity="287" methods="76" coveredmethods="46" conditionals="0" coveredconditionals="0" statements="1246" coveredstatements="1144" elements="1322" coveredelements="1190"/>
      </class>
      <line num="24" type="method" name="InitializeObjecct" visibility="protected" complexity="2" crap="2" count="47"/>
      <line num="26" type="stmt" count="47"/>
      <line num="27" type="stmt" count="47"/>
      <line num="28" type="stmt" count="47"/>
      <line num="29" type="stmt" count="47"/>
      <line num="30" type="stmt" count="47"/>
      <line num="31" type="stmt" count="47"/>
      <line num="32" type="stmt" count="47"/>
      <line num="33" type="stmt" count="47"/>
      <line num="34" type="stmt" count="47"/>
      <line num="35" type="stmt" count="47"/>
      <line num="36" type="stmt" count="47"/>
      <line num="37" type="stmt" count="47"/>
      <line num="38" type="stmt" count="47"/>
      <line num="40" type="stmt" count="47"/>
      <line num="41" type="stmt" count="47"/>
      <line num="42" type="stmt" count="47"/>
      <line num="43" type="stmt" count="47"/>
      <line num="45" type="stmt" count="47"/>
      <line num="48" type="stmt" count="47"/>
      <line num="50" type="method" name="__construct" visibility="public" complexity="1" crap="1" count="47"/>
      <line num="52" type="stmt" count="47"/>
      <line num="53" type="stmt" count="47"/>
      <line num="55" type="method" name="IsOnline" visibility="public" complexity="2" crap="2" count="1"/>
      <line num="56" type="stmt" count="1"/>
      <line num="57" type="stmt" count="1"/>
      <line num="58" type="stmt" count="1"/>
      <line num="59" type="stmt" count="1"/>
      <line num="60" type="stmt" count="1"/>
      <line num="61" type="stmt" count="1"/>
      <line num="62" type="stmt" count="1"/>
      <line num="63" type="stmt" count="1"/>
      <line num="73" type="method" name="GetInvitedUsers" visibility="public" complexity="9" crap="9" count="3"/>
      <line num="74" type="stmt" count="3"/>
      <line num="75" type="stmt" count="3"/>
      <line num="76" type="stmt" count="3"/>
      <line num="77" type="stmt" count="3"/>
      <line num="78" type="stmt" count="3"/>
      <line num="79" type="stmt" count="3"/>
      <line num="80" type="stmt" count="2"/>
      <line num="81" type="stmt" count="2"/>
      <line num="82" type="stmt" count="2"/>
      <line num="84" type="stmt" count="3"/>
      <line num="85" type="stmt" count="3"/>
      <line num="86" type="stmt" count="3"/>
      <line num="87" type="stmt" count="3"/>
      <line num="88" type="stmt" count="3"/>
      <line num="89" type="stmt" count="3"/>
      <line num="90" type="stmt" count="3"/>
      <line num="91" type="stmt" count="3"/>
      <line num="92" type="stmt" count="3"/>
      <line num="93" type="stmt" count="3"/>
      <line num="94" type="stmt" count="3"/>
      <line num="95" type="stmt" count="3"/>
      <line num="96" type="stmt" count="3"/>
      <line num="97" type="stmt" count="3"/>
      <line num="99" type="stmt" count="3"/>
      <line num="100" type="stmt" count="3"/>
      <line num="101" type="stmt" count="3"/>
      <line num="102" type="stmt" count="3"/>
      <line num="103" type="stmt" count="3"/>
      <line num="104" type="stmt" count="3"/>
      <line num="105" type="stmt" count="3"/>
      <line num="106" type="stmt" count="3"/>
      <line num="107" type="stmt" count="2"/>
      <line num="108" type="stmt" count="2"/>
      <line num="109" type="stmt" count="2"/>
      <line num="110" type="stmt" count="2"/>
      <line num="111" type="stmt" count="2"/>
      <line num="112" type="stmt" count="2"/>
      <line num="113" type="stmt" count="2"/>
      <line num="114" type="stmt" count="2"/>
      <line num="115" type="stmt" count="2"/>
      <line num="116" type="stmt" count="2"/>
      <line num="117" type="stmt" count="2"/>
      <line num="118" type="stmt" count="2"/>
      <line num="121" type="stmt" count="2"/>
      <line num="125" type="stmt" count="3"/>
      <line num="134" type="method" name="GetUserByEmail" visibility="public" complexity="3" crap="3" count="1"/>
      <line num="136" type="stmt" count="1"/>
      <line num="137" type="stmt" count="1"/>
      <line num="138" type="stmt" count="1"/>
      <line num="139" type="stmt" count="1"/>
      <line num="140" type="stmt" count="1"/>
      <line num="141" type="stmt" count="1"/>
      <line num="142" type="stmt" count="1"/>
      <line num="143" type="stmt" count="1"/>
      <line num="144" type="stmt" count="1"/>
      <line num="145" type="stmt" count="1"/>
      <line num="146" type="stmt" count="1"/>
      <line num="147" type="stmt" count="1"/>
      <line num="150" type="stmt" count="1"/>
      <line num="157" type="method" name="GetUserById" visibility="public" complexity="2" crap="2" count="1"/>
      <line num="159" type="stmt" count="1"/>
      <line num="160" type="stmt" count="1"/>
      <line num="161" type="stmt" count="1"/>
      <line num="162" type="stmt" count="1"/>
      <line num="163" type="stmt" count="1"/>
      <line num="164" type="stmt" count="1"/>
      <line num="165" type="stmt" count="1"/>
      <line num="166" type="stmt" count="1"/>
      <line num="167" type="stmt" count="1"/>
      <line num="168" type="stmt" count="1"/>
      <line num="169" type="stmt" count="1"/>
      <line num="171" type="stmt" count="1"/>
      <line num="182" type="method" name="FetchUsers" visibility="public" complexity="10" crap="10" count="1"/>
      <line num="183" type="stmt" count="1"/>
      <line num="184" type="stmt" count="1"/>
      <line num="185" type="stmt" count="1"/>
      <line num="186" type="stmt" count="1"/>
      <line num="187" type="stmt" count="1"/>
      <line num="188" type="stmt" count="1"/>
      <line num="189" type="stmt" count="1"/>
      <line num="190" type="stmt" count="1"/>
      <line num="192" type="stmt" count="1"/>
      <line num="193" type="stmt" count="1"/>
      <line num="194" type="stmt" count="1"/>
      <line num="195" type="stmt" count="1"/>
      <line num="196" type="stmt" count="1"/>
      <line num="197" type="stmt" count="1"/>
      <line num="198" type="stmt" count="1"/>
      <line num="199" type="stmt" count="1"/>
      <line num="201" type="stmt" count="1"/>
      <line num="202" type="stmt" count="1"/>
      <line num="203" type="stmt" count="1"/>
      <line num="204" type="stmt" count="1"/>
      <line num="207" type="stmt" count="1"/>
      <line num="208" type="stmt" count="1"/>
      <line num="209" type="stmt" count="1"/>
      <line num="210" type="stmt" count="1"/>
      <line num="211" type="stmt" count="1"/>
      <line num="212" type="stmt" count="1"/>
      <line num="213" type="stmt" count="1"/>
      <line num="214" type="stmt" count="1"/>
      <line num="216" type="stmt" count="1"/>
      <line num="217" type="stmt" count="1"/>
      <line num="218" type="stmt" count="1"/>
      <line num="219" type="stmt" count="1"/>
      <line num="221" type="stmt" count="1"/>
      <line num="222" type="stmt" count="1"/>
      <line num="223" type="stmt" count="1"/>
      <line num="224" type="stmt" count="1"/>
      <line num="225" type="stmt" count="1"/>
      <line num="226" type="stmt" count="1"/>
      <line num="228" type="stmt" count="1"/>
      <line num="229" type="stmt" count="1"/>
      <line num="230" type="stmt" count="1"/>
      <line num="231" type="stmt" count="1"/>
      <line num="233" type="stmt" count="1"/>
      <line num="236" type="stmt" count="0"/>
      <line num="240" type="stmt" count="1"/>
      <line num="251" type="method" name="FetchCustomers" visibility="public" complexity="10" crap="10" count="2"/>
      <line num="252" type="stmt" count="2"/>
      <line num="253" type="stmt" count="2"/>
      <line num="254" type="stmt" count="2"/>
      <line num="255" type="stmt" count="2"/>
      <line num="256" type="stmt" count="2"/>
      <line num="257" type="stmt" count="2"/>
      <line num="258" type="stmt" count="1"/>
      <line num="259" type="stmt" count="1"/>
      <line num="261" type="stmt" count="2"/>
      <line num="262" type="stmt" count="2"/>
      <line num="263" type="stmt" count="2"/>
      <line num="264" type="stmt" count="2"/>
      <line num="265" type="stmt" count="2"/>
      <line num="266" type="stmt" count="2"/>
      <line num="267" type="stmt" count="2"/>
      <line num="268" type="stmt" count="2"/>
      <line num="270" type="stmt" count="2"/>
      <line num="271" type="stmt" count="2"/>
      <line num="272" type="stmt" count="2"/>
      <line num="273" type="stmt" count="2"/>
      <line num="276" type="stmt" count="2"/>
      <line num="277" type="stmt" count="2"/>
      <line num="278" type="stmt" count="2"/>
      <line num="279" type="stmt" count="2"/>
      <line num="280" type="stmt" count="2"/>
      <line num="281" type="stmt" count="2"/>
      <line num="282" type="stmt" count="2"/>
      <line num="283" type="stmt" count="2"/>
      <line num="285" type="stmt" count="2"/>
      <line num="286" type="stmt" count="2"/>
      <line num="287" type="stmt" count="1"/>
      <line num="288" type="stmt" count="1"/>
      <line num="290" type="stmt" count="2"/>
      <line num="291" type="stmt" count="2"/>
      <line num="292" type="stmt" count="2"/>
      <line num="293" type="stmt" count="2"/>
      <line num="294" type="stmt" count="2"/>
      <line num="295" type="stmt" count="2"/>
      <line num="297" type="stmt" count="2"/>
      <line num="298" type="stmt" count="2"/>
      <line num="299" type="stmt" count="2"/>
      <line num="300" type="stmt" count="2"/>
      <line num="302" type="stmt" count="2"/>
      <line num="305" type="stmt" count="0"/>
      <line num="309" type="stmt" count="2"/>
      <line num="321" type="method" name="FetchPaylinks" visibility="public" complexity="11" crap="11" count="1"/>
      <line num="322" type="stmt" count="1"/>
      <line num="323" type="stmt" count="1"/>
      <line num="324" type="stmt" count="1"/>
      <line num="325" type="stmt" count="1"/>
      <line num="326" type="stmt" count="1"/>
      <line num="327" type="stmt" count="1"/>
      <line num="328" type="stmt" count="1"/>
      <line num="329" type="stmt" count="1"/>
      <line num="331" type="stmt" count="1"/>
      <line num="332" type="stmt" count="1"/>
      <line num="333" type="stmt" count="1"/>
      <line num="334" type="stmt" count="1"/>
      <line num="335" type="stmt" count="1"/>
      <line num="336" type="stmt" count="1"/>
      <line num="337" type="stmt" count="1"/>
      <line num="338" type="stmt" count="1"/>
      <line num="339" type="stmt" count="1"/>
      <line num="340" type="stmt" count="1"/>
      <line num="341" type="stmt" count="1"/>
      <line num="342" type="stmt" count="1"/>
      <line num="343" type="stmt" count="1"/>
      <line num="344" type="stmt" count="1"/>
      <line num="345" type="stmt" count="1"/>
      <line num="346" type="stmt" count="1"/>
      <line num="347" type="stmt" count="1"/>
      <line num="348" type="stmt" count="1"/>
      <line num="350" type="stmt" count="1"/>
      <line num="351" type="stmt" count="1"/>
      <line num="352" type="stmt" count="1"/>
      <line num="353" type="stmt" count="1"/>
      <line num="355" type="stmt" count="1"/>
      <line num="356" type="stmt" count="1"/>
      <line num="357" type="stmt" count="1"/>
      <line num="358" type="stmt" count="1"/>
      <line num="359" type="stmt" count="1"/>
      <line num="360" type="stmt" count="1"/>
      <line num="361" type="stmt" count="1"/>
      <line num="362" type="stmt" count="1"/>
      <line num="363" type="stmt" count="1"/>
      <line num="364" type="stmt" count="1"/>
      <line num="365" type="stmt" count="1"/>
      <line num="366" type="stmt" count="1"/>
      <line num="367" type="stmt" count="1"/>
      <line num="368" type="stmt" count="1"/>
      <line num="369" type="stmt" count="1"/>
      <line num="370" type="stmt" count="1"/>
      <line num="372" type="stmt" count="1"/>
      <line num="374" type="stmt" count="0"/>
      <line num="379" type="stmt" count="1"/>
      <line num="387" type="method" name="GetCustomer" visibility="public" complexity="2" crap="2" count="3"/>
      <line num="388" type="stmt" count="3"/>
      <line num="389" type="stmt" count="3"/>
      <line num="390" type="stmt" count="3"/>
      <line num="391" type="stmt" count="3"/>
      <line num="392" type="stmt" count="3"/>
      <line num="393" type="stmt" count="3"/>
      <line num="394" type="stmt" count="3"/>
      <line num="395" type="stmt" count="3"/>
      <line num="396" type="stmt" count="3"/>
      <line num="397" type="stmt" count="3"/>
      <line num="399" type="stmt" count="3"/>
      <line num="410" type="method" name="GetCustomerApiToken" visibility="public" complexity="10" crap="14.10" count="3"/>
      <line num="411" type="stmt" count="3"/>
      <line num="412" type="stmt" count="3"/>
      <line num="413" type="stmt" count="3"/>
      <line num="415" type="stmt" count="3"/>
      <line num="416" type="stmt" count="3"/>
      <line num="417" type="stmt" count="3"/>
      <line num="418" type="stmt" count="3"/>
      <line num="419" type="stmt" count="3"/>
      <line num="420" type="stmt" count="3"/>
      <line num="421" type="stmt" count="3"/>
      <line num="422" type="stmt" count="3"/>
      <line num="423" type="stmt" count="3"/>
      <line num="424" type="stmt" count="3"/>
      <line num="425" type="stmt" count="3"/>
      <line num="426" type="stmt" count="3"/>
      <line num="427" type="stmt" count="3"/>
      <line num="428" type="stmt" count="3"/>
      <line num="429" type="stmt" count="3"/>
      <line num="430" type="stmt" count="3"/>
      <line num="431" type="stmt" count="3"/>
      <line num="432" type="stmt" count="3"/>
      <line num="433" type="stmt" count="3"/>
      <line num="434" type="stmt" count="3"/>
      <line num="435" type="stmt" count="3"/>
      <line num="436" type="stmt" count="3"/>
      <line num="437" type="stmt" count="3"/>
      <line num="438" type="stmt" count="3"/>
      <line num="439" type="stmt" count="3"/>
      <line num="440" type="stmt" count="3"/>
      <line num="441" type="stmt" count="3"/>
      <line num="442" type="stmt" count="3"/>
      <line num="443" type="stmt" count="3"/>
      <line num="444" type="stmt" count="3"/>
      <line num="445" type="stmt" count="3"/>
      <line num="446" type="stmt" count="3"/>
      <line num="447" type="stmt" count="3"/>
      <line num="451" type="stmt" count="3"/>
      <line num="452" type="stmt" count="0"/>
      <line num="453" type="stmt" count="0"/>
      <line num="454" type="stmt" count="0"/>
      <line num="455" type="stmt" count="0"/>
      <line num="456" type="stmt" count="0"/>
      <line num="457" type="stmt" count="0"/>
      <line num="458" type="stmt" count="0"/>
      <line num="459" type="stmt" count="0"/>
      <line num="460" type="stmt" count="0"/>
      <line num="461" type="stmt" count="0"/>
      <line num="462" type="stmt" count="0"/>
      <line num="463" type="stmt" count="0"/>
      <line num="464" type="stmt" count="0"/>
      <line num="465" type="stmt" count="0"/>
      <line num="466" type="stmt" count="0"/>
      <line num="467" type="stmt" count="0"/>
      <line num="468" type="stmt" count="0"/>
      <line num="469" type="stmt" count="0"/>
      <line num="470" type="stmt" count="0"/>
      <line num="471" type="stmt" count="0"/>
      <line num="477" type="stmt" count="3"/>
      <line num="488" type="method" name="FetchClients" visibility="public" complexity="10" crap="10" count="1"/>
      <line num="489" type="stmt" count="1"/>
      <line num="490" type="stmt" count="1"/>
      <line num="491" type="stmt" count="1"/>
      <line num="492" type="stmt" count="1"/>
      <line num="493" type="stmt" count="1"/>
      <line num="494" type="stmt" count="1"/>
      <line num="495" type="stmt" count="1"/>
      <line num="496" type="stmt" count="1"/>
      <line num="498" type="stmt" count="1"/>
      <line num="499" type="stmt" count="1"/>
      <line num="500" type="stmt" count="1"/>
      <line num="501" type="stmt" count="1"/>
      <line num="502" type="stmt" count="1"/>
      <line num="503" type="stmt" count="1"/>
      <line num="504" type="stmt" count="1"/>
      <line num="505" type="stmt" count="1"/>
      <line num="507" type="stmt" count="1"/>
      <line num="508" type="stmt" count="1"/>
      <line num="509" type="stmt" count="1"/>
      <line num="510" type="stmt" count="1"/>
      <line num="513" type="stmt" count="1"/>
      <line num="514" type="stmt" count="1"/>
      <line num="515" type="stmt" count="1"/>
      <line num="516" type="stmt" count="1"/>
      <line num="517" type="stmt" count="1"/>
      <line num="518" type="stmt" count="1"/>
      <line num="519" type="stmt" count="1"/>
      <line num="520" type="stmt" count="1"/>
      <line num="522" type="stmt" count="1"/>
      <line num="523" type="stmt" count="1"/>
      <line num="524" type="stmt" count="1"/>
      <line num="525" type="stmt" count="1"/>
      <line num="527" type="stmt" count="1"/>
      <line num="528" type="stmt" count="1"/>
      <line num="529" type="stmt" count="1"/>
      <line num="530" type="stmt" count="1"/>
      <line num="531" type="stmt" count="1"/>
      <line num="532" type="stmt" count="1"/>
      <line num="534" type="stmt" count="1"/>
      <line num="535" type="stmt" count="1"/>
      <line num="536" type="stmt" count="1"/>
      <line num="537" type="stmt" count="1"/>
      <line num="539" type="stmt" count="1"/>
      <line num="542" type="stmt" count="0"/>
      <line num="546" type="stmt" count="1"/>
      <line num="554" type="method" name="CreateNewClients" visibility="public" complexity="3" crap="3.00" count="1"/>
      <line num="555" type="stmt" count="1"/>
      <line num="556" type="stmt" count="1"/>
      <line num="557" type="stmt" count="1"/>
      <line num="558" type="stmt" count="1"/>
      <line num="560" type="stmt" count="1"/>
      <line num="561" type="stmt" count="1"/>
      <line num="562" type="stmt" count="1"/>
      <line num="563" type="stmt" count="1"/>
      <line num="564" type="stmt" count="1"/>
      <line num="565" type="stmt" count="1"/>
      <line num="566" type="stmt" count="1"/>
      <line num="567" type="stmt" count="1"/>
      <line num="568" type="stmt" count="1"/>
      <line num="569" type="stmt" count="1"/>
      <line num="572" type="stmt" count="0"/>
      <line num="575" type="stmt" count="1"/>
      <line num="582" type="method" name="CreateNewUsers" visibility="public" complexity="3" crap="3.00" count="1"/>
      <line num="583" type="stmt" count="1"/>
      <line num="584" type="stmt" count="1"/>
      <line num="585" type="stmt" count="1"/>
      <line num="586" type="stmt" count="1"/>
      <line num="587" type="stmt" count="1"/>
      <line num="589" type="stmt" count="1"/>
      <line num="590" type="stmt" count="1"/>
      <line num="591" type="stmt" count="1"/>
      <line num="592" type="stmt" count="1"/>
      <line num="593" type="stmt" count="1"/>
      <line num="594" type="stmt" count="1"/>
      <line num="595" type="stmt" count="1"/>
      <line num="596" type="stmt" count="1"/>
      <line num="597" type="stmt" count="1"/>
      <line num="598" type="stmt" count="1"/>
      <line num="601" type="stmt" count="0"/>
      <line num="604" type="stmt" count="1"/>
      <line num="613" type="method" name="GetClient" visibility="public" complexity="2" crap="2" count="2"/>
      <line num="614" type="stmt" count="2"/>
      <line num="615" type="stmt" count="2"/>
      <line num="616" type="stmt" count="2"/>
      <line num="617" type="stmt" count="2"/>
      <line num="618" type="stmt" count="2"/>
      <line num="619" type="stmt" count="2"/>
      <line num="620" type="stmt" count="2"/>
      <line num="621" type="stmt" count="2"/>
      <line num="622" type="stmt" count="2"/>
      <line num="624" type="stmt" count="2"/>
      <line num="633" type="method" name="MakeManualPayment" visibility="public" complexity="2" crap="2" count="2"/>
      <line num="634" type="stmt" count="2"/>
      <line num="635" type="stmt" count="2"/>
      <line num="636" type="stmt" count="2"/>
      <line num="637" type="stmt" count="2"/>
      <line num="638" type="stmt" count="2"/>
      <line num="639" type="stmt" count="2"/>
      <line num="654" type="method" name="MakeManualPaymentWithIndividualParams" visibility="public" complexity="7" crap="7" count="1"/>
      <line num="657" type="stmt" count="1"/>
      <line num="658" type="stmt" count="1"/>
      <line num="659" type="stmt" count="1"/>
      <line num="661" type="stmt" count="1"/>
      <line num="662" type="stmt" count="1"/>
      <line num="663" type="stmt" count="1"/>
      <line num="664" type="stmt" count="1"/>
      <line num="665" type="stmt" count="1"/>
      <line num="666" type="stmt" count="1"/>
      <line num="667" type="stmt" count="1"/>
      <line num="668" type="stmt" count="1"/>
      <line num="670" type="stmt" count="1"/>
      <line num="672" type="stmt" count="1"/>
      <line num="674" type="stmt" count="1"/>
      <line num="676" type="stmt" count="1"/>
      <line num="677" type="stmt" count="1"/>
      <line num="678" type="stmt" count="1"/>
      <line num="679" type="stmt" count="1"/>
      <line num="680" type="stmt" count="1"/>
      <line num="682" type="stmt" count="1"/>
      <line num="683" type="stmt" count="1"/>
      <line num="684" type="stmt" count="1"/>
      <line num="685" type="stmt" count="1"/>
      <line num="686" type="stmt" count="1"/>
      <line num="688" type="stmt" count="1"/>
      <line num="691" type="method" name="InitiateRefundForPaymentTxn" visibility="public" complexity="2" crap="2" count="1"/>
      <line num="692" type="stmt" count="1"/>
      <line num="693" type="stmt" count="1"/>
      <line num="694" type="stmt" count="1"/>
      <line num="695" type="stmt" count="1"/>
      <line num="696" type="stmt" count="1"/>
      <line num="697" type="stmt" count="1"/>
      <line num="699" type="stmt" count="1"/>
      <line num="700" type="stmt" count="1"/>
      <line num="701" type="stmt" count="1"/>
      <line num="702" type="stmt" count="1"/>
      <line num="703" type="stmt" count="1"/>
      <line num="704" type="stmt" count="1"/>
      <line num="705" type="stmt" count="1"/>
      <line num="706" type="stmt" count="1"/>
      <line num="707" type="stmt" count="1"/>
      <line num="708" type="stmt" count="1"/>
      <line num="710" type="stmt" count="1"/>
      <line num="719" type="method" name="FetchMatters" visibility="public" complexity="9" crap="9.03" count="1"/>
      <line num="720" type="stmt" count="1"/>
      <line num="721" type="stmt" count="1"/>
      <line num="722" type="stmt" count="1"/>
      <line num="723" type="stmt" count="1"/>
      <line num="724" type="stmt" count="1"/>
      <line num="725" type="stmt" count="1"/>
      <line num="726" type="stmt" count="0"/>
      <line num="727" type="stmt" count="0"/>
      <line num="729" type="stmt" count="1"/>
      <line num="730" type="stmt" count="1"/>
      <line num="731" type="stmt" count="1"/>
      <line num="732" type="stmt" count="1"/>
      <line num="733" type="stmt" count="1"/>
      <line num="734" type="stmt" count="1"/>
      <line num="735" type="stmt" count="1"/>
      <line num="736" type="stmt" count="1"/>
      <line num="737" type="stmt" count="1"/>
      <line num="738" type="stmt" count="1"/>
      <line num="739" type="stmt" count="1"/>
      <line num="740" type="stmt" count="1"/>
      <line num="741" type="stmt" count="1"/>
      <line num="743" type="stmt" count="1"/>
      <line num="744" type="stmt" count="1"/>
      <line num="745" type="stmt" count="1"/>
      <line num="746" type="stmt" count="1"/>
      <line num="747" type="stmt" count="1"/>
      <line num="748" type="stmt" count="1"/>
      <line num="749" type="stmt" count="1"/>
      <line num="750" type="stmt" count="1"/>
      <line num="752" type="stmt" count="1"/>
      <line num="753" type="stmt" count="1"/>
      <line num="754" type="stmt" count="1"/>
      <line num="755" type="stmt" count="1"/>
      <line num="756" type="stmt" count="1"/>
      <line num="757" type="stmt" count="1"/>
      <line num="758" type="stmt" count="1"/>
      <line num="759" type="stmt" count="1"/>
      <line num="760" type="stmt" count="1"/>
      <line num="761" type="stmt" count="1"/>
      <line num="762" type="stmt" count="1"/>
      <line num="763" type="stmt" count="1"/>
      <line num="765" type="stmt" count="1"/>
      <line num="768" type="stmt" count="0"/>
      <line num="772" type="stmt" count="1"/>
      <line num="780" type="method" name="GetMatter" visibility="public" complexity="2" crap="2" count="1"/>
      <line num="781" type="stmt" count="1"/>
      <line num="782" type="stmt" count="1"/>
      <line num="783" type="stmt" count="1"/>
      <line num="784" type="stmt" count="1"/>
      <line num="785" type="stmt" count="1"/>
      <line num="786" type="stmt" count="1"/>
      <line num="787" type="stmt" count="1"/>
      <line num="788" type="stmt" count="1"/>
      <line num="789" type="stmt" count="1"/>
      <line num="790" type="stmt" count="1"/>
      <line num="792" type="stmt" count="1"/>
      <line num="801" type="method" name="FetchBankAccounts" visibility="public" complexity="3" crap="3" count="1"/>
      <line num="802" type="stmt" count="1"/>
      <line num="803" type="stmt" count="1"/>
      <line num="804" type="stmt" count="1"/>
      <line num="805" type="stmt" count="1"/>
      <line num="806" type="stmt" count="1"/>
      <line num="807" type="stmt" count="1"/>
      <line num="808" type="stmt" count="1"/>
      <line num="809" type="stmt" count="1"/>
      <line num="810" type="stmt" count="1"/>
      <line num="811" type="stmt" count="1"/>
      <line num="812" type="stmt" count="1"/>
      <line num="813" type="stmt" count="1"/>
      <line num="814" type="stmt" count="1"/>
      <line num="815" type="stmt" count="1"/>
      <line num="816" type="stmt" count="1"/>
      <line num="819" type="stmt" count="1"/>
      <line num="827" type="method" name="GetBankAccount" visibility="public" complexity="2" crap="2" count="1"/>
      <line num="828" type="stmt" count="1"/>
      <line num="829" type="stmt" count="1"/>
      <line num="830" type="stmt" count="1"/>
      <line num="831" type="stmt" count="1"/>
      <line num="832" type="stmt" count="1"/>
      <line num="833" type="stmt" count="1"/>
      <line num="834" type="stmt" count="1"/>
      <line num="835" type="stmt" count="1"/>
      <line num="836" type="stmt" count="1"/>
      <line num="837" type="stmt" count="1"/>
      <line num="838" type="stmt" count="1"/>
      <line num="839" type="stmt" count="1"/>
      <line num="840" type="stmt" count="1"/>
      <line num="842" type="stmt" count="1"/>
      <line num="853" type="method" name="FetchContacts" visibility="public" complexity="9" crap="9.03" count="2"/>
      <line num="854" type="stmt" count="2"/>
      <line num="855" type="stmt" count="2"/>
      <line num="856" type="stmt" count="2"/>
      <line num="857" type="stmt" count="2"/>
      <line num="858" type="stmt" count="2"/>
      <line num="859" type="stmt" count="2"/>
      <line num="860" type="stmt" count="0"/>
      <line num="861" type="stmt" count="0"/>
      <line num="863" type="stmt" count="2"/>
      <line num="864" type="stmt" count="2"/>
      <line num="865" type="stmt" count="2"/>
      <line num="866" type="stmt" count="2"/>
      <line num="867" type="stmt" count="2"/>
      <line num="868" type="stmt" count="2"/>
      <line num="869" type="stmt" count="2"/>
      <line num="870" type="stmt" count="2"/>
      <line num="871" type="stmt" count="2"/>
      <line num="873" type="stmt" count="2"/>
      <line num="874" type="stmt" count="2"/>
      <line num="875" type="stmt" count="2"/>
      <line num="876" type="stmt" count="2"/>
      <line num="878" type="stmt" count="2"/>
      <line num="879" type="stmt" count="2"/>
      <line num="880" type="stmt" count="2"/>
      <line num="881" type="stmt" count="2"/>
      <line num="882" type="stmt" count="2"/>
      <line num="883" type="stmt" count="2"/>
      <line num="884" type="stmt" count="2"/>
      <line num="885" type="stmt" count="2"/>
      <line num="887" type="stmt" count="1"/>
      <line num="888" type="stmt" count="1"/>
      <line num="889" type="stmt" count="1"/>
      <line num="890" type="stmt" count="1"/>
      <line num="891" type="stmt" count="1"/>
      <line num="892" type="stmt" count="1"/>
      <line num="893" type="stmt" count="1"/>
      <line num="895" type="stmt" count="1"/>
      <line num="896" type="stmt" count="1"/>
      <line num="897" type="stmt" count="1"/>
      <line num="898" type="stmt" count="1"/>
      <line num="900" type="stmt" count="1"/>
      <line num="903" type="stmt" count="0"/>
      <line num="907" type="stmt" count="2"/>
      <line num="916" type="method" name="GetContactByEmail" visibility="public" complexity="4" crap="4.00" count="2"/>
      <line num="917" type="stmt" count="2"/>
      <line num="918" type="stmt" count="2"/>
      <line num="919" type="stmt" count="2"/>
      <line num="920" type="stmt" count="2"/>
      <line num="921" type="stmt" count="2"/>
      <line num="923" type="stmt" count="0"/>
      <line num="924" type="stmt" count="2"/>
      <line num="925" type="stmt" count="2"/>
      <line num="926" type="stmt" count="2"/>
      <line num="927" type="stmt" count="2"/>
      <line num="928" type="stmt" count="2"/>
      <line num="929" type="stmt" count="2"/>
      <line num="930" type="stmt" count="2"/>
      <line num="931" type="stmt" count="2"/>
      <line num="932" type="stmt" count="2"/>
      <line num="933" type="stmt" count="2"/>
      <line num="936" type="stmt" count="2"/>
      <line num="944" type="method" name="FindClientByEmail" visibility="public" complexity="2" crap="2" count="1"/>
      <line num="945" type="stmt" count="1"/>
      <line num="946" type="stmt" count="1"/>
      <line num="948" type="stmt" count="1"/>
      <line num="949" type="stmt" count="1"/>
      <line num="950" type="stmt" count="1"/>
      <line num="951" type="stmt" count="1"/>
      <line num="952" type="stmt" count="1"/>
      <line num="960" type="method" name="GetContact" visibility="public" complexity="2" crap="2" count="2"/>
      <line num="961" type="stmt" count="2"/>
      <line num="962" type="stmt" count="2"/>
      <line num="963" type="stmt" count="2"/>
      <line num="964" type="stmt" count="2"/>
      <line num="965" type="stmt" count="2"/>
      <line num="966" type="stmt" count="2"/>
      <line num="967" type="stmt" count="2"/>
      <line num="968" type="stmt" count="2"/>
      <line num="969" type="stmt" count="2"/>
      <line num="970" type="stmt" count="2"/>
      <line num="971" type="stmt" count="2"/>
      <line num="972" type="stmt" count="2"/>
      <line num="974" type="stmt" count="2"/>
      <line num="982" type="method" name="CreateNewContact" visibility="public" complexity="2" crap="2" count="2"/>
      <line num="983" type="stmt" count="2"/>
      <line num="984" type="stmt" count="2"/>
      <line num="985" type="stmt" count="2"/>
      <line num="986" type="stmt" count="2"/>
      <line num="987" type="stmt" count="2"/>
      <line num="988" type="stmt" count="2"/>
      <line num="989" type="stmt" count="2"/>
      <line num="990" type="stmt" count="2"/>
      <line num="991" type="stmt" count="2"/>
      <line num="992" type="stmt" count="2"/>
      <line num="993" type="stmt" count="2"/>
      <line num="995" type="stmt" count="2"/>
      <line num="1003" type="method" name="MakeContactPrimary" visibility="public" complexity="2" crap="2" count="1"/>
      <line num="1004" type="stmt" count="1"/>
      <line num="1005" type="stmt" count="1"/>
      <line num="1006" type="stmt" count="1"/>
      <line num="1007" type="stmt" count="1"/>
      <line num="1008" type="stmt" count="1"/>
      <line num="1009" type="stmt" count="1"/>
      <line num="1010" type="stmt" count="1"/>
      <line num="1011" type="stmt" count="1"/>
      <line num="1012" type="stmt" count="1"/>
      <line num="1013" type="stmt" count="1"/>
      <line num="1014" type="stmt" count="1"/>
      <line num="1015" type="stmt" count="1"/>
      <line num="1016" type="stmt" count="1"/>
      <line num="1018" type="stmt" count="1"/>
      <line num="1028" type="method" name="FindClient" visibility="public" complexity="9" crap="9" count="3"/>
      <line num="1029" type="stmt" count="3"/>
      <line num="1030" type="stmt" count="3"/>
      <line num="1031" type="stmt" count="3"/>
      <line num="1032" type="stmt" count="3"/>
      <line num="1033" type="stmt" count="3"/>
      <line num="1034" type="stmt" count="3"/>
      <line num="1035" type="stmt" count="3"/>
      <line num="1036" type="stmt" count="3"/>
      <line num="1037" type="stmt" count="3"/>
      <line num="1038" type="stmt" count="3"/>
      <line num="1039" type="stmt" count="3"/>
      <line num="1040" type="stmt" count="2"/>
      <line num="1041" type="stmt" count="2"/>
      <line num="1042" type="stmt" count="2"/>
      <line num="1044" type="stmt" count="3"/>
      <line num="1045" type="stmt" count="3"/>
      <line num="1046" type="stmt" count="3"/>
      <line num="1047" type="stmt" count="2"/>
      <line num="1048" type="stmt" count="3"/>
      <line num="1049" type="stmt" count="3"/>
      <line num="1050" type="stmt" count="2"/>
      <line num="1051" type="stmt" count="2"/>
      <line num="1053" type="stmt" count="1"/>
      <line num="1054" type="stmt" count="1"/>
      <line num="1055" type="stmt" count="1"/>
      <line num="1056" type="stmt" count="1"/>
      <line num="1057" type="stmt" count="1"/>
      <line num="1058" type="stmt" count="1"/>
      <line num="1059" type="stmt" count="1"/>
      <line num="1061" type="stmt" count="1"/>
      <line num="1062" type="stmt" count="1"/>
      <line num="1063" type="stmt" count="1"/>
      <line num="1064" type="stmt" count="1"/>
      <line num="1066" type="stmt" count="1"/>
      <line num="1069" type="stmt" count="0"/>
      <line num="1073" type="stmt" count="3"/>
      <line num="1082" type="method" name="FindCustomer" visibility="public" complexity="9" crap="12.51" count="2"/>
      <line num="1083" type="stmt" count="2"/>
      <line num="1084" type="stmt" count="2"/>
      <line num="1085" type="stmt" count="2"/>
      <line num="1086" type="stmt" count="2"/>
      <line num="1087" type="stmt" count="2"/>
      <line num="1088" type="stmt" count="2"/>
      <line num="1089" type="stmt" count="2"/>
      <line num="1090" type="stmt" count="2"/>
      <line num="1091" type="stmt" count="2"/>
      <line num="1092" type="stmt" count="2"/>
      <line num="1093" type="stmt" count="2"/>
      <line num="1094" type="stmt" count="2"/>
      <line num="1095" type="stmt" count="2"/>
      <line num="1096" type="stmt" count="2"/>
      <line num="1097" type="stmt" count="2"/>
      <line num="1099" type="stmt" count="2"/>
      <line num="1100" type="stmt" count="2"/>
      <line num="1101" type="stmt" count="2"/>
      <line num="1102" type="stmt" count="2"/>
      <line num="1103" type="stmt" count="2"/>
      <line num="1104" type="stmt" count="2"/>
      <line num="1105" type="stmt" count="2"/>
      <line num="1106" type="stmt" count="2"/>
      <line num="1108" type="stmt" count="0"/>
      <line num="1109" type="stmt" count="0"/>
      <line num="1110" type="stmt" count="0"/>
      <line num="1111" type="stmt" count="0"/>
      <line num="1112" type="stmt" count="0"/>
      <line num="1113" type="stmt" count="0"/>
      <line num="1114" type="stmt" count="0"/>
      <line num="1116" type="stmt" count="0"/>
      <line num="1117" type="stmt" count="0"/>
      <line num="1118" type="stmt" count="0"/>
      <line num="1119" type="stmt" count="0"/>
      <line num="1121" type="stmt" count="0"/>
      <line num="1124" type="stmt" count="0"/>
      <line num="1128" type="stmt" count="2"/>
      <line num="1136" type="method" name="FindOrCreateClient" visibility="public" complexity="4" crap="4.00" count="2"/>
      <line num="1137" type="stmt" count="2"/>
      <line num="1138" type="stmt" count="2"/>
      <line num="1139" type="stmt" count="2"/>
      <line num="1140" type="stmt" count="0"/>
      <line num="1141" type="stmt" count="2"/>
      <line num="1142" type="stmt" count="2"/>
      <line num="1143" type="stmt" count="2"/>
      <line num="1144" type="stmt" count="2"/>
      <line num="1145" type="stmt" count="2"/>
      <line num="1146" type="stmt" count="2"/>
      <line num="1147" type="stmt" count="2"/>
      <line num="1148" type="stmt" count="2"/>
      <line num="1149" type="stmt" count="2"/>
      <line num="1150" type="stmt" count="2"/>
      <line num="1151" type="stmt" count="2"/>
      <line num="1154" type="stmt" count="2"/>
      <line num="1162" type="method" name="CreateNewCustomers" visibility="public" complexity="3" crap="3.00" count="1"/>
      <line num="1163" type="stmt" count="1"/>
      <line num="1164" type="stmt" count="1"/>
      <line num="1165" type="stmt" count="1"/>
      <line num="1166" type="stmt" count="1"/>
      <line num="1167" type="stmt" count="1"/>
      <line num="1168" type="stmt" count="1"/>
      <line num="1170" type="stmt" count="1"/>
      <line num="1171" type="stmt" count="1"/>
      <line num="1172" type="stmt" count="1"/>
      <line num="1173" type="stmt" count="1"/>
      <line num="1174" type="stmt" count="1"/>
      <line num="1175" type="stmt" count="1"/>
      <line num="1176" type="stmt" count="1"/>
      <line num="1177" type="stmt" count="1"/>
      <line num="1178" type="stmt" count="1"/>
      <line num="1179" type="stmt" count="1"/>
      <line num="1182" type="stmt" count="0"/>
      <line num="1185" type="stmt" count="1"/>
      <line num="1194" type="method" name="FindOrCreateCustomer" visibility="public" complexity="4" crap="9.20" count="1"/>
      <line num="1195" type="stmt" count="1"/>
      <line num="1196" type="stmt" count="1"/>
      <line num="1197" type="stmt" count="1"/>
      <line num="1198" type="stmt" count="1"/>
      <line num="1199" type="stmt" count="0"/>
      <line num="1201" type="stmt" count="0"/>
      <line num="1202" type="stmt" count="0"/>
      <line num="1203" type="stmt" count="0"/>
      <line num="1204" type="stmt" count="0"/>
      <line num="1205" type="stmt" count="0"/>
      <line num="1206" type="stmt" count="0"/>
      <line num="1207" type="stmt" count="0"/>
      <line num="1208" type="stmt" count="0"/>
      <line num="1209" type="stmt" count="0"/>
      <line num="1210" type="stmt" count="0"/>
      <line num="1213" type="stmt" count="1"/>
      <line num="1221" type="method" name="GetClientInstanceInfoResponse" visibility="private" complexity="2" crap="2" count="4"/>
      <line num="1222" type="stmt" count="4"/>
      <line num="1223" type="stmt" count="4"/>
      <line num="1224" type="stmt" count="4"/>
      <line num="1225" type="stmt" count="4"/>
      <line num="1226" type="stmt" count="4"/>
      <line num="1227" type="stmt" count="4"/>
      <line num="1228" type="stmt" count="3"/>
      <line num="1229" type="stmt" count="3"/>
      <line num="1230" type="stmt" count="3"/>
      <line num="1231" type="stmt" count="3"/>
      <line num="1232" type="stmt" count="3"/>
      <line num="1234" type="stmt" count="4"/>
      <line num="1242" type="method" name="DeleteLedgerItem" visibility="private" complexity="2" crap="6" count="0"/>
      <line num="1243" type="stmt" count="0"/>
      <line num="1244" type="stmt" count="0"/>
      <line num="1245" type="stmt" count="0"/>
      <line num="1246" type="stmt" count="0"/>
      <line num="1247" type="stmt" count="0"/>
      <line num="1248" type="stmt" count="0"/>
      <line num="1249" type="stmt" count="0"/>
      <line num="1250" type="stmt" count="0"/>
      <line num="1251" type="stmt" count="0"/>
      <line num="1252" type="stmt" count="0"/>
      <line num="1253" type="stmt" count="0"/>
      <line num="1254" type="stmt" count="0"/>
      <line num="1257" type="stmt" count="0"/>
      <line num="1265" type="method" name="DeletePaylink" visibility="public" complexity="2" crap="2.00" count="2"/>
      <line num="1266" type="stmt" count="2"/>
      <line num="1267" type="stmt" count="2"/>
      <line num="1268" type="stmt" count="2"/>
      <line num="1269" type="stmt" count="2"/>
      <line num="1270" type="stmt" count="2"/>
      <line num="1271" type="stmt" count="2"/>
      <line num="1272" type="stmt" count="2"/>
      <line num="1273" type="stmt" count="2"/>
      <line num="1274" type="stmt" count="2"/>
      <line num="1275" type="stmt" count="2"/>
      <line num="1276" type="stmt" count="2"/>
      <line num="1279" type="stmt" count="0"/>
      <line num="1287" type="method" name="DeleteClient" visibility="public" complexity="15" crap="30.21" count="4"/>
      <line num="1288" type="stmt" count="4"/>
      <line num="1290" type="stmt" count="4"/>
      <line num="1291" type="stmt" count="4"/>
      <line num="1292" type="stmt" count="1"/>
      <line num="1293" type="stmt" count="3"/>
      <line num="1295" type="stmt" count="0"/>
      <line num="1297" type="stmt" count="0"/>
      <line num="1298" type="stmt" count="0"/>
      <line num="1299" type="stmt" count="0"/>
      <line num="1300" type="stmt" count="0"/>
      <line num="1305" type="stmt" count="3"/>
      <line num="1307" type="stmt" count="0"/>
      <line num="1309" type="stmt" count="0"/>
      <line num="1310" type="stmt" count="0"/>
      <line num="1311" type="stmt" count="0"/>
      <line num="1312" type="stmt" count="0"/>
      <line num="1318" type="stmt" count="3"/>
      <line num="1319" type="stmt" count="3"/>
      <line num="1320" type="stmt" count="3"/>
      <line num="1321" type="stmt" count="3"/>
      <line num="1322" type="stmt" count="3"/>
      <line num="1323" type="stmt" count="3"/>
      <line num="1324" type="stmt" count="3"/>
      <line num="1325" type="stmt" count="3"/>
      <line num="1326" type="stmt" count="3"/>
      <line num="1327" type="stmt" count="3"/>
      <line num="1330" type="stmt" count="0"/>
      <line num="1338" type="method" name="DeleteContact" visibility="public" complexity="2" crap="2" count="2"/>
      <line num="1339" type="stmt" count="2"/>
      <line num="1340" type="stmt" count="2"/>
      <line num="1341" type="stmt" count="2"/>
      <line num="1342" type="stmt" count="2"/>
      <line num="1343" type="stmt" count="2"/>
      <line num="1344" type="stmt" count="2"/>
      <line num="1345" type="stmt" count="2"/>
      <line num="1346" type="stmt" count="2"/>
      <line num="1347" type="stmt" count="2"/>
      <line num="1348" type="stmt" count="2"/>
      <line num="1350" type="stmt" count="2"/>
      <line num="1358" type="method" name="CreateNewMatters" visibility="public" complexity="3" crap="3.00" count="2"/>
      <line num="1359" type="stmt" count="2"/>
      <line num="1360" type="stmt" count="2"/>
      <line num="1361" type="stmt" count="2"/>
      <line num="1362" type="stmt" count="2"/>
      <line num="1364" type="stmt" count="2"/>
      <line num="1365" type="stmt" count="2"/>
      <line num="1366" type="stmt" count="2"/>
      <line num="1367" type="stmt" count="2"/>
      <line num="1368" type="stmt" count="2"/>
      <line num="1369" type="stmt" count="2"/>
      <line num="1370" type="stmt" count="2"/>
      <line num="1371" type="stmt" count="2"/>
      <line num="1372" type="stmt" count="2"/>
      <line num="1373" type="stmt" count="2"/>
      <line num="1376" type="stmt" count="0"/>
      <line num="1379" type="stmt" count="2"/>
      <line num="1387" type="method" name="FindOrCreateMatter" visibility="public" complexity="4" crap="4" count="2"/>
      <line num="1388" type="stmt" count="2"/>
      <line num="1389" type="stmt" count="2"/>
      <line num="1390" type="stmt" count="2"/>
      <line num="1391" type="stmt" count="2"/>
      <line num="1392" type="stmt" count="2"/>
      <line num="1393" type="stmt" count="2"/>
      <line num="1394" type="stmt" count="2"/>
      <line num="1395" type="stmt" count="2"/>
      <line num="1396" type="stmt" count="2"/>
      <line num="1397" type="stmt" count="2"/>
      <line num="1398" type="stmt" count="2"/>
      <line num="1401" type="stmt" count="2"/>
      <line num="1409" type="method" name="FindMatterByExternalId" visibility="public" complexity="4" crap="4" count="3"/>
      <line num="1410" type="stmt" count="3"/>
      <line num="1411" type="stmt" count="3"/>
      <line num="1412" type="stmt" count="3"/>
      <line num="1413" type="stmt" count="3"/>
      <line num="1414" type="stmt" count="3"/>
      <line num="1415" type="stmt" count="3"/>
      <line num="1416" type="stmt" count="3"/>
      <line num="1417" type="stmt" count="3"/>
      <line num="1418" type="stmt" count="3"/>
      <line num="1419" type="stmt" count="3"/>
      <line num="1420" type="stmt" count="3"/>
      <line num="1421" type="stmt" count="2"/>
      <line num="1422" type="stmt" count="2"/>
      <line num="1425" type="stmt" count="3"/>
      <line num="1433" type="method" name="CreatePaymentRequest" visibility="public" complexity="2" crap="2" count="1"/>
      <line num="1434" type="stmt" count="1"/>
      <line num="1435" type="stmt" count="1"/>
      <line num="1436" type="stmt" count="1"/>
      <line num="1437" type="stmt" count="1"/>
      <line num="1438" type="stmt" count="1"/>
      <line num="1439" type="stmt" count="1"/>
      <line num="1440" type="stmt" count="1"/>
      <line num="1441" type="stmt" count="1"/>
      <line num="1442" type="stmt" count="1"/>
      <line num="1443" type="stmt" count="1"/>
      <line num="1445" type="stmt" count="1"/>
      <line num="1452" type="method" name="CreatePaymentRequests" visibility="public" complexity="3" crap="3.01" count="1"/>
      <line num="1453" type="stmt" count="1"/>
      <line num="1454" type="stmt" count="1"/>
      <line num="1455" type="stmt" count="1"/>
      <line num="1456" type="stmt" count="1"/>
      <line num="1458" type="stmt" count="1"/>
      <line num="1459" type="stmt" count="1"/>
      <line num="1461" type="stmt" count="0"/>
      <line num="1465" type="stmt" count="1"/>
      <line num="1469" type="stmt" count="1"/>
      <line num="1479" type="method" name="CreateNewPaylinkWithMatter" visibility="public" complexity="4" crap="4.00" count="5"/>
      <line num="1480" type="stmt" count="5"/>
      <line num="1481" type="stmt" count="5"/>
      <line num="1482" type="stmt" count="5"/>
      <line num="1484" type="stmt" count="5"/>
      <line num="1485" type="stmt" count="1"/>
      <line num="1486" type="stmt" count="1"/>
      <line num="1487" type="stmt" count="0"/>
      <line num="1489" type="stmt" count="1"/>
      <line num="1491" type="stmt" count="5"/>
      <line num="1492" type="stmt" count="5"/>
      <line num="1493" type="stmt" count="5"/>
      <line num="1494" type="stmt" count="5"/>
      <line num="1495" type="stmt" count="5"/>
      <line num="1496" type="stmt" count="5"/>
      <line num="1497" type="stmt" count="5"/>
      <line num="1498" type="stmt" count="5"/>
      <line num="1499" type="stmt" count="5"/>
      <line num="1500" type="stmt" count="5"/>
      <line num="1502" type="stmt" count="5"/>
      <line num="1517" type="method" name="CreateNewPaylinkWithDefaultDepositAccounts" visibility="public" complexity="1" crap="1" count="1"/>
      <line num="1520" type="stmt" count="1"/>
      <line num="1521" type="stmt" count="1"/>
      <line num="1522" type="stmt" count="1"/>
      <line num="1523" type="stmt" count="1"/>
      <line num="1524" type="stmt" count="1"/>
      <line num="1525" type="stmt" count="1"/>
      <line num="1526" type="stmt" count="1"/>
      <line num="1527" type="stmt" count="1"/>
      <line num="1528" type="stmt" count="1"/>
      <line num="1529" type="stmt" count="1"/>
      <line num="1530" type="stmt" count="1"/>
      <line num="1531" type="stmt" count="1"/>
      <line num="1532" type="stmt" count="1"/>
      <line num="1533" type="stmt" count="1"/>
      <line num="1534" type="stmt" count="1"/>
      <line num="1535" type="stmt" count="1"/>
      <line num="1536" type="stmt" count="1"/>
      <line num="1549" type="method" name="CreateNewPaylink" visibility="public" complexity="1" crap="1" count="1"/>
      <line num="1551" type="stmt" count="1"/>
      <line num="1552" type="stmt" count="1"/>
      <line num="1553" type="stmt" count="1"/>
      <line num="1554" type="stmt" count="1"/>
      <line num="1555" type="stmt" count="1"/>
      <line num="1556" type="stmt" count="1"/>
      <line num="1557" type="stmt" count="1"/>
      <line num="1558" type="stmt" count="1"/>
      <line num="1559" type="stmt" count="1"/>
      <line num="1560" type="stmt" count="1"/>
      <line num="1561" type="stmt" count="1"/>
      <line num="1562" type="stmt" count="1"/>
      <line num="1563" type="stmt" count="1"/>
      <line num="1564" type="stmt" count="1"/>
      <line num="1565" type="stmt" count="1"/>
      <line num="1566" type="stmt" count="1"/>
      <line num="1573" type="method" name="CreateNewPaylinks" visibility="public" complexity="3" crap="3.01" count="1"/>
      <line num="1574" type="stmt" count="1"/>
      <line num="1575" type="stmt" count="1"/>
      <line num="1576" type="stmt" count="1"/>
      <line num="1577" type="stmt" count="1"/>
      <line num="1578" type="stmt" count="1"/>
      <line num="1579" type="stmt" count="1"/>
[...]
        <metrics complexity="0" methods="0" coveredmethods="0" conditionals="0" coveredconditionals="0" statements="0" coveredstatements="0" elements="0" coveredelements="0"/>
      </class>
      <metrics loc="27" ncloc="26" classes="0" methods="0" coveredmethods="0" conditionals="0" coveredconditionals="0" statements="0" coveredstatements="0" elements="0" coveredelements="0"/>
    </file>
    <file name="/home/manoj-root/php/phpsdk/src/PaylinkInfo.php">
      <class name="GravityLegal\GravityLegalAPI\PaylinkInfo" namespace="global">
        <metrics complexity="0" methods="0" coveredmethods="0" conditionals="0" coveredconditionals="0" statements="0" coveredstatements="0" elements="0" coveredelements="0"/>
      </class>
      <metrics loc="25" ncloc="24" classes="0" methods="0" coveredmethods="0" conditionals="0" coveredconditionals="0" statements="0" coveredstatements="0" elements="0" coveredelements="0"/>
    </file>
    <file name="/home/manoj-root/php/phpsdk/src/PaylinkResult.php">
      <class name="GravityLegal\GravityLegalAPI\PaylinkResultResult" namespace="global">
        <metrics complexity="0" methods="0" coveredmethods="0" conditionals="0" coveredconditionals="0" statements="0" coveredstatements="0" elements="0" coveredelements="0"/>
      </class>
      <class name="GravityLegal\GravityLegalAPI\PaylinkResult" namespace="global">
        <metrics complexity="0" methods="0" coveredmethods="0" conditionals="0" coveredconditionals="0" statements="0" coveredstatements="0" elements="0" coveredelements="0"/>
      </class>
      <metrics loc="13" ncloc="12" classes="0" methods="0" coveredmethods="0" conditionals="0" coveredconditionals="0" statements="0" coveredstatements="0" elements="0" coveredelements="0"/>
    </file>
    <file name="/home/manoj-root/php/phpsdk/src/PaylinkTxn.php">
      <class name="GravityLegal\GravityLegalAPI\TxnClient" namespace="global">
        <metrics complexity="0" methods="0" coveredmethods="0" conditionals="0" coveredconditionals="0" statements="0" coveredstatements="0" elements="0" coveredelements="0"/>
      </class>
      <class name="GravityLegal\GravityLegalAPI\PaylinkTxn" namespace="global">
        <metrics complexity="0" methods="0" coveredmethods="0" conditionals="0" coveredconditionals="0" statements="0" coveredstatements="0" elements="0" coveredelements="0"/>
      </class>
      <metrics loc="33" ncloc="32" classes="0" methods="0" coveredmethods="0" conditionals="0" coveredconditionals="0" statements="0" coveredstatements="0" elements="0" coveredelements="0"/>
    </file>
    <file name="/home/manoj-root/php/phpsdk/src/Payment.php">
      <class name="GravityLegal\GravityLegalAPI\Payment" namespace="global">
        <metrics complexity="0" methods="0" coveredmethods="0" conditionals="0" coveredconditionals="0" statements="0" coveredstatements="0" elements="0" coveredelements="0"/>
      </class>
      <metrics loc="18" ncloc="17" classes="0" methods="0" coveredmethods="0" conditionals="0" coveredconditionals="0" statements="0" coveredstatements="0" elements="0" coveredelements="0"/>
    </file>
    <file name="/home/manoj-root/php/phpsdk/src/PaymentRequest.php">
      <class name="GravityLegal\GravityLegalAPI\PaymentRequest" namespace="global">
        <metrics complexity="0" methods="0" coveredmethods="0" conditionals="0" coveredconditionals="0" statements="0" coveredstatements="0" elements="0" coveredelements="0"/>
      </class>
      <line num="21" type="stmt" count="1"/>
      <metrics loc="20" ncloc="16" classes="0" methods="0" coveredmethods="0" conditionals="0" coveredconditionals="0" statements="0" coveredstatements="0" elements="0" coveredelements="0"/>
    </file>
    <file name="/home/manoj-root/php/phpsdk/src/PaymentRequestResponse.php">
      <class name="GravityLegal\GravityLegalAPI\PaymentRequestResult" namespace="global">
        <metrics complexity="0" methods="0" coveredmethods="0" conditionals="0" coveredconditionals="0" statements="0" coveredstatements="0" elements="0" coveredelements="0"/>
      </class>
      <class name="GravityLegal\GravityLegalAPI\PaymentRequestResponse" namespace="global">
        <metrics complexity="0" methods="0" coveredmethods="0" conditionals="0" coveredconditionals="0" statements="0" coveredstatements="0" elements="0" coveredelements="0"/>
      </class>
      <metrics loc="32" ncloc="25" classes="0" methods="0" coveredmethods="0" conditionals="0" coveredconditionals="0" statements="0" coveredstatements="0" elements="0" coveredelements="0"/>
    </file>
    <file name="/home/manoj-root/php/phpsdk/src/PaymentResponse.php">
      <class name="GravityLegal\GravityLegalAPI\PaymentResponseResult" namespace="global">
        <metrics complexity="0" methods="0" coveredmethods="0" conditionals="0" coveredconditionals="0" statements="0" coveredstatements="0" elements="0" coveredelements="0"/>
      </class>
      <class name="GravityLegal\GravityLegalAPI\PaymentResponse" namespace="global">
        <metrics complexity="0" methods="0" coveredmethods="0" conditionals="0" coveredconditionals="0" statements="0" coveredstatements="0" elements="0" coveredelements="0"/>
      </class>
      <metrics loc="14" ncloc="13" classes="0" methods="0" coveredmethods="0" conditionals="0" coveredconditionals="0" statements="0" coveredstatements="0" elements="0" coveredelements="0"/>
    </file>
    <file name="/home/manoj-root/php/phpsdk/src/PaymentTxnRecord.php">
      <class name="GravityLegal\GravityLegalAPI\ManualPaymentStatement" namespace="global">
        <metrics complexity="0" methods="0" coveredmethods="0" conditionals="0" coveredconditionals="0" statements="0" coveredstatements="0" elements="0" coveredelements="0"/>
      </class>
      <class name="GravityLegal\GravityLegalAPI\PaymentTxnRecord" namespace="global">
        <metrics complexity="0" methods="0" coveredmethods="0" conditionals="0" coveredconditionals="0" statements="0" coveredstatements="0" elements="0" coveredelements="0"/>
      </class>
      <metrics loc="49" ncloc="49" classes="0" methods="0" coveredmethods="0" conditionals="0" coveredconditionals="0" statements="0" coveredstatements="0" elements="0" coveredelements="0"/>
    </file>
    <file name="/home/manoj-root/php/phpsdk/src/PaymentTxnResult.php">
      <class name="GravityLegal\GravityLegalAPI\PaymentTxnResultResult" namespace="global">
        <metrics complexity="0" methods="0" coveredmethods="0" conditionals="0" coveredconditionals="0" statements="0" coveredstatements="0" elements="0" coveredelements="0"/>
      </class>
      <class name="GravityLegal\GravityLegalAPI\PaymentTxnResult" namespace="global">
        <metrics complexity="0" methods="0" coveredmethods="0" conditionals="0" coveredconditionals="0" statements="0" coveredstatements="0" elements="0" coveredelements="0"/>
      </class>
      <metrics loc="15" ncloc="14" classes="0" methods="0" coveredmethods="0" conditionals="0" coveredconditionals="0" statements="0" coveredstatements="0" elements="0" coveredelements="0"/>
    </file>
    <file name="/home/manoj-root/php/phpsdk/src/PrimaryContact.php">
      <class name="GravityLegal\GravityLegalAPI\PrimaryContact" namespace="global">
        <metrics complexity="0" methods="0" coveredmethods="0" conditionals="0" coveredconditionals="0" statements="0" coveredstatements="0" elements="0" coveredelements="0"/>
      </class>
      <metrics loc="16" ncloc="16" classes="0" methods="0" coveredmethods="0" conditionals="0" coveredconditionals="0" statements="0" coveredstatements="0" elements="0" coveredelements="0"/>
    </file>
    <file name="/home/manoj-root/php/phpsdk/src/ResponseMessage.php">
      <class name="GravityLegal\GravityLegalAPI\Payload" namespace="global">
        <metrics complexity="0" methods="0" coveredmethods="0" conditionals="0" coveredconditionals="0" statements="0" coveredstatements="0" elements="0" coveredelements="0"/>
      </class>
      <class name="GravityLegal\GravityLegalAPI\ResponseMessage" namespace="global">
        <metrics complexity="0" methods="0" coveredmethods="0" conditionals="0" coveredconditionals="0" statements="0" coveredstatements="0" elements="0" coveredelements="0"/>
      </class>
      <metrics loc="12" ncloc="12" classes="0" methods="0" coveredmethods="0" conditionals="0" coveredconditionals="0" statements="0" coveredstatements="0" elements="0" coveredelements="0"/>
    </file>
    <file name="/home/manoj-root/php/phpsdk/src/Role.php">
      <class name="GravityLegal\GravityLegalAPI\Role" namespace="global">
        <metrics complexity="0" methods="0" coveredmethods="0" conditionals="0" coveredconditionals="0" statements="0" coveredstatements="0" elements="0" coveredelements="0"/>
      </class>
      <metrics loc="12" ncloc="10" classes="0" methods="0" coveredmethods="0" conditionals="0" coveredconditionals="0" statements="0" coveredstatements="0" elements="0" coveredelements="0"/>
    </file>
    <file name="/home/manoj-root/php/phpsdk/src/Split.php">
      <class name="GravityLegal\GravityLegalAPI\Split" namespace="global">
        <metrics complexity="0" methods="0" coveredmethods="0" conditionals="0" coveredconditionals="0" statements="0" coveredstatements="0" elements="0" coveredelements="0"/>
      </class>
      <metrics loc="13" ncloc="12" classes="0" methods="0" coveredmethods="0" conditionals="0" coveredconditionals="0" statements="0" coveredstatements="0" elements="0" coveredelements="0"/>
    </file>
    <file name="/home/manoj-root/php/phpsdk/src/SystemTokenCreationRequest.php">
      <class name="GravityLegal\GravityLegalAPI\SystemTokenCreationRequest" namespace="global">
        <metrics complexity="0" methods="0" coveredmethods="0" conditionals="0" coveredconditionals="0" statements="0" coveredstatements="0" elements="0" coveredelements="0"/>
      </class>
      <line num="9" type="stmt" count="0"/>
      <metrics loc="8" ncloc="8" classes="0" methods="0" coveredmethods="0" conditionals="0" coveredconditionals="0" statements="0" coveredstatements="0" elements="0" coveredelements="0"/>
    </file>
    <file name="/home/manoj-root/php/phpsdk/src/SystemTokenCreationResponse.php">
      <class name="GravityLegal\GravityLegalAPI\SystemTokenCreationResponseResult" namespace="global">
        <metrics complexity="0" methods="0" coveredmethods="0" conditionals="0" coveredconditionals="0" statements="0" coveredstatements="0" elements="0" coveredelements="0"/>
      </class>
      <class name="GravityLegal\GravityLegalAPI\SystemTokenCreationResponse" namespace="global">
        <metrics complexity="0" methods="0" coveredmethods="0" conditionals="0" coveredconditionals="0" statements="0" coveredstatements="0" elements="0" coveredelements="0"/>
      </class>
      <line num="19" type="stmt" count="0"/>
      <metrics loc="18" ncloc="18" classes="0" methods="0" coveredmethods="0" conditionals="0" coveredconditionals="0" statements="0" coveredstatements="0" elements="0" coveredelements="0"/>
    </file>
    <file name="/home/manoj-root/php/phpsdk/src/SystemTokenRecord.php">
      <class name="GravityLegal\GravityLegalAPI\SystemTokenRecordUser" namespace="global">
        <metrics complexity="0" methods="0" coveredmethods="0" conditionals="0" coveredconditionals="0" statements="0" coveredstatements="0" elements="0" coveredelements="0"/>
      </class>
      <class name="GravityLegal\GravityLegalAPI\SystemTokenRecord" namespace="global">
        <metrics complexity="0" methods="0" coveredmethods="0" conditionals="0" coveredconditionals="0" statements="0" coveredstatements="0" elements="0" coveredelements="0"/>
      </class>
      <metrics loc="17" ncloc="16" classes="0" methods="0" coveredmethods="0" conditionals="0" coveredconditionals="0" statements="0" coveredstatements="0" elements="0" coveredelements="0"/>
    </file>
    <file name="/home/manoj-root/php/phpsdk/src/SystemTokenRequestResponse.php">
      <class name="GravityLegal\GravityLegalAPI\SystemTokenRequestResponseResult" namespace="global">
        <metrics complexity="0" methods="0" coveredmethods="0" conditionals="0" coveredconditionals="0" statements="0" coveredstatements="0" elements="0" coveredelements="0"/>
      </class>
      <class name="GravityLegal\GravityLegalAPI\SystemTokenRequestResponse" namespace="global">
        <metrics complexity="0" methods="0" coveredmethods="0" conditionals="0" coveredconditionals="0" statements="0" coveredstatements="0" elements="0" coveredelements="0"/>
      </class>
      <metrics loc="13" ncloc="12" classes="0" methods="0" coveredmethods="0" conditionals="0" coveredconditionals="0" statements="0" coveredstatements="0" elements="0" coveredelements="0"/>
    </file>
    <file name="/home/manoj-root/php/phpsdk/src/Trust.php">
      <class name="GravityLegal\GravityLegalAPI\Trust" namespace="global">
        <metrics complexity="0" methods="0" coveredmethods="0" conditionals="0" coveredconditionals="0" statements="0" coveredstatements="0" elements="0" coveredelements="0"/>
      </class>
      <metrics loc="9" ncloc="9" classes="0" methods="0" coveredmethods="0" conditionals="0" coveredconditionals="0" statements="0" coveredstatements="0" elements="0" coveredelements="0"/>
    </file>
    <file name="/home/manoj-root/php/phpsdk/src/TrustToMoneyTransferParam.php">
      <class name="GravityLegal\GravityLegalAPI\TrustToMoneyTransferParam" namespace="global">
        <metrics complexity="0" methods="0" coveredmethods="0" conditionals="0" coveredconditionals="0" statements="0" coveredstatements="0" elements="0" coveredelements="0"/>
      </class>
      <metrics loc="9" ncloc="9" classes="0" methods="0" coveredmethods="0" conditionals="0" coveredconditionals="0" statements="0" coveredstatements="0" elements="0" coveredelements="0"/>
    </file>
    <file name="/home/manoj-root/php/phpsdk/src/UpdatePrimaryContactParam.php">
      <class name="GravityLegal\GravityLegalAPI\UpdatePrimaryContactParam" namespace="global">
        <metrics complexity="0" methods="0" coveredmethods="0" conditionals="0" coveredconditionals="0" statements="0" coveredstatements="0" elements="0" coveredelements="0"/>
      </class>
      <metrics loc="7" ncloc="7" classes="0" methods="0" coveredmethods="0" conditionals="0" coveredconditionals="0" statements="0" coveredstatements="0" elements="0" coveredelements="0"/>
    </file>
    <file name="/home/manoj-root/php/phpsdk/src/User.php">
      <class name="GravityLegal\GravityLegalAPI\User" namespace="global">
        <metrics complexity="0" methods="0" coveredmethods="0" conditionals="0" coveredconditionals="0" statements="0" coveredstatements="0" elements="0" coveredelements="0"/>
      </class>
      <class name="GravityLegal\GravityLegalAPI\GetUserResult" namespace="global">
        <metrics complexity="0" methods="0" coveredmethods="0" conditionals="0" coveredconditionals="0" statements="0" coveredstatements="0" elements="0" coveredelements="0"/>
      </class>
      <metrics loc="30" ncloc="30" classes="0" methods="0" coveredmethods="0" conditionals="0" coveredconditionals="0" statements="0" coveredstatements="0" elements="0" coveredelements="0"/>
    </file>
    <file name="/home/manoj-root/php/phpsdk/src/UserInviteResponse.php">
      <class name="GravityLegal\GravityLegalAPI\UserInviteResponseResult" namespace="global">
        <metrics complexity="0" methods="0" coveredmethods="0" conditionals="0" coveredconditionals="0" statements="0" coveredstatements="0" elements="0" coveredelements="0"/>
      </class>
      <class name="GravityLegal\GravityLegalAPI\UserInviteResponse" namespace="global">
        <metrics complexity="0" methods="0" coveredmethods="0" conditionals="0" coveredconditionals="0" statements="0" coveredstatements="0" elements="0" coveredelements="0"/>
      </class>
      <metrics loc="13" ncloc="12" classes="0" methods="0" coveredmethods="0" conditionals="0" coveredconditionals="0" statements="0" coveredstatements="0" elements="0" coveredelements="0"/>
    </file>
    <file name="/home/manoj-root/php/phpsdk/src/UserOrg.php">
      <class name="GravityLegal\GravityLegalAPI\UserOrg" namespace="global">
        <metrics complexity="0" methods="0" coveredmethods="0" conditionals="0" coveredconditionals="0" statements="0" coveredstatements="0" elements="0" coveredelements="0"/>
      </class>
      <metrics loc="7" ncloc="7" classes="0" methods="0" coveredmethods="0" conditionals="0" coveredconditionals="0" statements="0" coveredstatements="0" elements="0" coveredelements="0"/>
    </file>
    <file name="/home/manoj-root/php/phpsdk/src/UserResult.php">
      <class name="GravityLegal\GravityLegalAPI\UserResult" namespace="global">
        <metrics complexity="0" methods="0" coveredmethods="0" conditionals="0" coveredconditionals="0" statements="0" coveredstatements="0" elements="0" coveredelements="0"/>
      </class>
      <class name="GravityLegal\GravityLegalAPI\UserResultResult" namespace="global">
        <metrics complexity="0" methods="0" coveredmethods="0" conditionals="0" coveredconditionals="0" statements="0" coveredstatements="0" elements="0" coveredelements="0"/>
      </class>
      <metrics loc="13" ncloc="12" classes="0" methods="0" coveredmethods="0" conditionals="0" coveredconditionals="0" statements="0" coveredstatements="0" elements="0" coveredelements="0"/>
    </file>
    <file name="/home/manoj-root/php/phpsdk/src/Utility.php">
      <class name="GravityLegal\GravityLegalAPI\Utility" namespace="global">
        <metrics complexity="10" methods="2" coveredmethods="0" conditionals="0" coveredconditionals="0" statements="35" coveredstatements="18" elements="37" coveredelements="18"/>
      </class>
      <line num="13" type="method" name="cast" visibility="public" complexity="4" crap="4.05" count="44"/>
      <line num="15" type="stmt" count="44"/>
      <line num="16" type="stmt" count="0"/>
      <line num="18" type="stmt" count="44"/>
      <line num="19" type="stmt" count="44"/>
      <line num="20" type="stmt" count="44"/>
      <line num="21" type="stmt" count="44"/>
      <line num="22" type="stmt" count="44"/>
      <line num="23" type="stmt" count="44"/>
      <line num="24" type="stmt" count="44"/>
      <line num="33" type="stmt" count="44"/>
      <line num="34" type="stmt" count="44"/>
      <line num="35" type="stmt" count="44"/>
      <line num="37" type="stmt" count="44"/>
      <line num="39" type="stmt" count="0"/>
      <line num="54" type="method" name="GUIDv4" visibility="public" complexity="6" crap="19.12" count="5"/>
      <line num="57" type="stmt" count="5"/>
      <line num="58" type="stmt" count="0"/>
      <line num="59" type="stmt" count="0"/>
      <line num="61" type="stmt" count="0"/>
      <line num="65" type="stmt" count="5"/>
      <line num="66" type="stmt" count="5"/>
      <line num="67" type="stmt" count="5"/>
      <line num="68" type="stmt" count="5"/>
      <line num="69" type="stmt" count="5"/>
      <line num="73" type="stmt" count="0"/>
      <line num="74" type="stmt" count="0"/>
      <line num="75" type="stmt" count="0"/>
      <line num="76" type="stmt" count="0"/>
      <line num="77" type="stmt" count="0"/>
      <line num="79" type="stmt" count="0"/>
      <line num="80" type="stmt" count="0"/>
      <line num="81" type="stmt" count="0"/>
      <line num="82" type="stmt" count="0"/>
      <line num="83" type="stmt" count="0"/>
      <line num="84" type="stmt" count="0"/>
      <line num="85" type="stmt" count="0"/>
      <line num="87" type="stmt" count="1"/>
      <metrics loc="86" ncloc="54" classes="1" methods="2" coveredmethods="0" conditionals="0" coveredconditionals="0" statements="35" coveredstatements="18" elements="37" coveredelements="18"/>
    </file>
    <metrics files="85" loc="3544" ncloc="3030" classes="5" methods="82" coveredmethods="47" conditionals="0" coveredconditionals="0" statements="1299" coveredstatements="1172" elements="1381" coveredelements="1219"/>
  </project>
</coverage>
