<?xml version="1.0" encoding="UTF-8"?>
<coverage generated="1618887463">
  <project timestamp="1618887463">
    <file name="/home/manoj-root/php/phpsdk/src/App.php">
      <class name="GravityLegal\GravityLegalAPI\App" namespace="global">
        <metrics complexity="0" methods="0" coveredmethods="0" conditionals="0" coveredconditionals="0" statements="0" coveredstatements="0" elements="0" coveredelements="0"/>
      </class>
      <metrics loc="10" ncloc="10" classes="0" methods="0" coveredmethods="0" conditionals="0" coveredconditionals="0" statements="0" coveredstatements="0" elements="0" coveredelements="0"/>
    </file>
    <file name="/home/manoj-root/php/phpsdk/src/AppData.php">
      <class name="GravityLegal\GravityLegalAPI\Currency" namespace="global">
        <metrics complexity="0" methods="0" coveredmethods="0" conditionals="0" coveredconditionals="0" statements="0" coveredstatements="0" elements="0" coveredelements="0"/>
      </class>
      <class name="GravityLegal\GravityLegalAPI\Logo" namespace="global">
        <metrics complexity="0" methods="0" coveredmethods="0" conditionals="0" coveredconditionals="0" statements="0" coveredstatements="0" elements="0" coveredelements="0"/>
      </class>
      <class name="GravityLegal\GravityLegalAPI\AppData" namespace="global">
        <metrics complexity="0" methods="0" coveredmethods="0" conditionals="0" coveredconditionals="0" statements="0" coveredstatements="0" elements="0" coveredelements="0"/>
      </class>
      <line num="19" type="stmt" count="1"/>
      <metrics loc="18" ncloc="18" classes="0" methods="0" coveredmethods="0" conditionals="0" coveredconditionals="0" statements="0" coveredstatements="0" elements="0" coveredelements="0"/>
    </file>
    <file name="/home/manoj-root/php/phpsdk/src/Balance.php">
      <class name="GravityLegal\GravityLegalAPI\Balance" namespace="global">
        <metrics complexity="0" methods="0" coveredmethods="0" conditionals="0" coveredconditionals="0" statements="0" coveredstatements="0" elements="0" coveredelements="0"/>
      </class>
      <metrics loc="17" ncloc="17" classes="0" methods="0" coveredmethods="0" conditionals="0" coveredconditionals="0" statements="0" coveredstatements="0" elements="0" coveredelements="0"/>
    </file>
    <file name="/home/manoj-root/php/phpsdk/src/BankAccount.php">
      <class name="GravityLegal\GravityLegalAPI\BankAccount" namespace="global">
        <metrics complexity="0" methods="0" coveredmethods="0" conditionals="0" coveredconditionals="0" statements="0" coveredstatements="0" elements="0" coveredelements="0"/>
      </class>
      <line num="12" type="stmt" count="0"/>
      <metrics loc="11" ncloc="11" classes="0" methods="0" coveredmethods="0" conditionals="0" coveredconditionals="0" statements="0" coveredstatements="0" elements="0" coveredelements="0"/>
    </file>
    <file name="/home/manoj-root/php/phpsdk/src/BankAccountResult.php">
      <class name="GravityLegal\GravityLegalAPI\BankAccountResultResult" namespace="global">
        <metrics complexity="0" methods="0" coveredmethods="0" conditionals="0" coveredconditionals="0" statements="0" coveredstatements="0" elements="0" coveredelements="0"/>
      </class>
      <class name="GravityLegal\GravityLegalAPI\BankAccountResult" namespace="global">
        <metrics complexity="0" methods="0" coveredmethods="0" conditionals="0" coveredconditionals="0" statements="0" coveredstatements="0" elements="0" coveredelements="0"/>
      </class>
      <class name="GravityLegal\GravityLegalAPI\GetBankAccountResult" namespace="global">
        <metrics complexity="0" methods="0" coveredmethods="0" conditionals="0" coveredconditionals="0" statements="0" coveredstatements="0" elements="0" coveredelements="0"/>
      </class>
      <metrics loc="16" ncloc="15" classes="0" methods="0" coveredmethods="0" conditionals="0" coveredconditionals="0" statements="0" coveredstatements="0" elements="0" coveredelements="0"/>
    </file>
    <file name="/home/manoj-root/php/phpsdk/src/BinData.php">
      <class name="GravityLegal\GravityLegalAPI\Number" namespace="global">
        <metrics complexity="0" methods="0" coveredmethods="0" conditionals="0" coveredconditionals="0" statements="0" coveredstatements="0" elements="0" coveredelements="0"/>
      </class>
      <class name="GravityLegal\GravityLegalAPI\Country" namespace="global">
        <metrics complexity="0" methods="0" coveredmethods="0" conditionals="0" coveredconditionals="0" statements="0" coveredstatements="0" elements="0" coveredelements="0"/>
      </class>
      <class name="GravityLegal\GravityLegalAPI\BinData" namespace="global">
        <metrics complexity="0" methods="0" coveredmethods="0" conditionals="0" coveredconditionals="0" statements="0" coveredstatements="0" elements="0" coveredelements="0"/>
      </class>
      <metrics loc="28" ncloc="28" classes="0" methods="0" coveredmethods="0" conditionals="0" coveredconditionals="0" statements="0" coveredstatements="0" elements="0" coveredelements="0"/>
    </file>
    <file name="/home/manoj-root/php/phpsdk/src/Client.php">
      <class name="GravityLegal\GravityLegalAPI\PrimaryContact" namespace="global">
        <metrics complexity="0" methods="0" coveredmethods="0" conditionals="0" coveredconditionals="0" statements="0" coveredstatements="0" elements="0" coveredelements="0"/>
      </class>
      <class name="GravityLegal\GravityLegalAPI\Client" namespace="global">
        <metrics complexity="0" methods="0" coveredmethods="0" conditionals="0" coveredconditionals="0" statements="0" coveredstatements="0" elements="0" coveredelements="0"/>
      </class>
      <metrics loc="43" ncloc="42" classes="0" methods="0" coveredmethods="0" conditionals="0" coveredconditionals="0" statements="0" coveredstatements="0" elements="0" coveredelements="0"/>
    </file>
    <file name="/home/manoj-root/php/phpsdk/src/ClientInstanceInfoResponse.php">
      <class name="GravityLegal\GravityLegalAPI\ReferencedBy" namespace="global">
        <metrics complexity="0" methods="0" coveredmethods="0" conditionals="0" coveredconditionals="0" statements="0" coveredstatements="0" elements="0" coveredelements="0"/>
      </class>
      <class name="GravityLegal\GravityLegalAPI\Reference" namespace="global">
        <metrics complexity="0" methods="0" coveredmethods="0" conditionals="0" coveredconditionals="0" statements="0" coveredstatements="0" elements="0" coveredelements="0"/>
      </class>
      <class name="GravityLegal\GravityLegalAPI\ClientInstanceInfoResponseResult" namespace="global">
        <metrics complexity="0" methods="0" coveredmethods="0" conditionals="0" coveredconditionals="0" statements="0" coveredstatements="0" elements="0" coveredelements="0"/>
      </class>
      <class name="GravityLegal\GravityLegalAPI\ClientInstanceInfoResponse" namespace="global">
        <metrics complexity="0" methods="0" coveredmethods="0" conditionals="0" coveredconditionals="0" statements="0" coveredstatements="0" elements="0" coveredelements="0"/>
      </class>
      <metrics loc="24" ncloc="19" classes="0" methods="0" coveredmethods="0" conditionals="0" coveredconditionals="0" statements="0" coveredstatements="0" elements="0" coveredelements="0"/>
    </file>
    <file name="/home/manoj-root/php/phpsdk/src/ClientResult.php">
      <class name="GravityLegal\GravityLegalAPI\ClientResultResult" namespace="global">
        <metrics complexity="0" methods="0" coveredmethods="0" conditionals="0" coveredconditionals="0" statements="0" coveredstatements="0" elements="0" coveredelements="0"/>
      </class>
      <class name="GravityLegal\GravityLegalAPI\ClientResult" namespace="global">
        <metrics complexity="0" methods="0" coveredmethods="0" conditionals="0" coveredconditionals="0" statements="0" coveredstatements="0" elements="0" coveredelements="0"/>
      </class>
      <metrics loc="14" ncloc="13" classes="0" methods="0" coveredmethods="0" conditionals="0" coveredconditionals="0" statements="0" coveredstatements="0" elements="0" coveredelements="0"/>
    </file>
    <file name="/home/manoj-root/php/phpsdk/src/Contact.php">
      <class name="GravityLegal\GravityLegalAPI\Contact" namespace="global">
        <metrics complexity="0" methods="0" coveredmethods="0" conditionals="0" coveredconditionals="0" statements="0" coveredstatements="0" elements="0" coveredelements="0"/>
      </class>
      <class name="GravityLegal\GravityLegalAPI\CreateContact" namespace="global">
        <metrics complexity="0" methods="0" coveredmethods="0" conditionals="0" coveredconditionals="0" statements="0" coveredstatements="0" elements="0" coveredelements="0"/>
      </class>
      <class name="GravityLegal\GravityLegalAPI\CreateContactResponse" namespace="global">
        <metrics complexity="0" methods="0" coveredmethods="0" conditionals="0" coveredconditionals="0" statements="0" coveredstatements="0" elements="0" coveredelements="0"/>
      </class>
      <metrics loc="27" ncloc="27" classes="0" methods="0" coveredmethods="0" conditionals="0" coveredconditionals="0" statements="0" coveredstatements="0" elements="0" coveredelements="0"/>
    </file>
    <file name="/home/manoj-root/php/phpsdk/src/ContactResult.php">
      <class name="GravityLegal\GravityLegalAPI\ContactResultResult" namespace="global">
        <metrics complexity="0" methods="0" coveredmethods="0" conditionals="0" coveredconditionals="0" statements="0" coveredstatements="0" elements="0" coveredelements="0"/>
      </class>
      <class name="GravityLegal\GravityLegalAPI\ContactResult" namespace="global">
        <metrics complexity="0" methods="0" coveredmethods="0" conditionals="0" coveredconditionals="0" statements="0" coveredstatements="0" elements="0" coveredelements="0"/>
      </class>
      <class name="GravityLegal\GravityLegalAPI\GetContactResult" namespace="global">
        <metrics complexity="0" methods="0" coveredmethods="0" conditionals="0" coveredconditionals="0" statements="0" coveredstatements="0" elements="0" coveredelements="0"/>
      </class>
      <metrics loc="16" ncloc="15" classes="0" methods="0" coveredmethods="0" conditionals="0" coveredconditionals="0" statements="0" coveredstatements="0" elements="0" coveredelements="0"/>
    </file>
    <file name="/home/manoj-root/php/phpsdk/src/CreateClient.php">
      <class name="GravityLegal\GravityLegalAPI\CreateClient" namespace="global">
        <metrics complexity="0" methods="0" coveredmethods="0" conditionals="0" coveredconditionals="0" statements="0" coveredstatements="0" elements="0" coveredelements="0"/>
      </class>
      <metrics loc="11" ncloc="11" classes="0" methods="0" coveredmethods="0" conditionals="0" coveredconditionals="0" statements="0" coveredstatements="0" elements="0" coveredelements="0"/>
    </file>
    <file name="/home/manoj-root/php/phpsdk/src/CreateClientResponse.php">
      <class name="GravityLegal\GravityLegalAPI\CreateClientResponse" namespace="global">
        <metrics complexity="0" methods="0" coveredmethods="0" conditionals="0" coveredconditionals="0" statements="0" coveredstatements="0" elements="0" coveredelements="0"/>
      </class>
      <metrics loc="6" ncloc="6" classes="0" methods="0" coveredmethods="0" conditionals="0" coveredconditionals="0" statements="0" coveredstatements="0" elements="0" coveredelements="0"/>
    </file>
    <file name="/home/manoj-root/php/phpsdk/src/CreateMatter.php">
      <class name="GravityLegal\GravityLegalAPI\CreateMatter" namespace="global">
        <metrics complexity="0" methods="0" coveredmethods="0" conditionals="0" coveredconditionals="0" statements="0" coveredstatements="0" elements="0" coveredelements="0"/>
      </class>
      <metrics loc="12" ncloc="12" classes="0" methods="0" coveredmethods="0" conditionals="0" coveredconditionals="0" statements="0" coveredstatements="0" elements="0" coveredelements="0"/>
    </file>
    <file name="/home/manoj-root/php/phpsdk/src/CreateMatterResponse.php">
      <class name="GravityLegal\GravityLegalAPI\CreateMatterResponse" namespace="global">
        <metrics complexity="0" methods="0" coveredmethods="0" conditionals="0" coveredconditionals="0" statements="0" coveredstatements="0" elements="0" coveredelements="0"/>
      </class>
      <metrics loc="7" ncloc="7" classes="0" methods="0" coveredmethods="0" conditionals="0" coveredconditionals="0" statements="0" coveredstatements="0" elements="0" coveredelements="0"/>
    </file>
    <file name="/home/manoj-root/php/phpsdk/src/CreatePaylink.php">
      <class name="GravityLegal\GravityLegalAPI\CreatePaylink" namespace="global">
        <metrics complexity="0" methods="0" coveredmethods="0" conditionals="0" coveredconditionals="0" statements="0" coveredstatements="0" elements="0" coveredelements="0"/>
      </class>
      <metrics loc="15" ncloc="14" classes="0" methods="0" coveredmethods="0" conditionals="0" coveredconditionals="0" statements="0" coveredstatements="0" elements="0" coveredelements="0"/>
    </file>
    <file name="/home/manoj-root/php/phpsdk/src/CreatePaylinkResponse.php">
      <class name="GravityLegal\GravityLegalAPI\CreatePaylinkResponse" namespace="global">
        <metrics complexity="0" methods="0" coveredmethods="0" conditionals="0" coveredconditionals="0" statements="0" coveredstatements="0" elements="0" coveredelements="0"/>
      </class>
      <metrics loc="6" ncloc="6" classes="0" methods="0" coveredmethods="0" conditionals="0" coveredconditionals="0" statements="0" coveredstatements="0" elements="0" coveredelements="0"/>
    </file>
    <file name="/home/manoj-root/php/phpsdk/src/CreateUser.php">
      <class name="GravityLegal\GravityLegalAPI\CreateUser" namespace="global">
        <metrics complexity="0" methods="0" coveredmethods="0" conditionals="0" coveredconditionals="0" statements="0" coveredstatements="0" elements="0" coveredelements="0"/>
      </class>
      <metrics loc="47" ncloc="12" classes="0" methods="0" coveredmethods="0" conditionals="0" coveredconditionals="0" statements="0" coveredstatements="0" elements="0" coveredelements="0"/>
    </file>
    <file name="/home/manoj-root/php/phpsdk/src/CreateUserResponse.php">
      <class name="GravityLegal\GravityLegalAPI\CreateUserResponseResult" namespace="global">
        <metrics complexity="0" methods="0" coveredmethods="0" conditionals="0" coveredconditionals="0" statements="0" coveredstatements="0" elements="0" coveredelements="0"/>
      </class>
      <class name="GravityLegal\GravityLegalAPI\CreateUserResponse" namespace="global">
        <metrics complexity="0" methods="0" coveredmethods="0" conditionals="0" coveredconditionals="0" statements="0" coveredstatements="0" elements="0" coveredelements="0"/>
      </class>
      <metrics loc="26" ncloc="26" classes="0" methods="0" coveredmethods="0" conditionals="0" coveredconditionals="0" statements="0" coveredstatements="0" elements="0" coveredelements="0"/>
    </file>
    <file name="/home/manoj-root/php/phpsdk/src/Customer.php">
      <class name="GravityLegal\GravityLegalAPI\NotifPrefs" namespace="global">
        <metrics complexity="0" methods="0" coveredmethods="0" conditionals="0" coveredconditionals="0" statements="0" coveredstatements="0" elements="0" coveredelements="0"/>
      </class>
      <class name="GravityLegal\GravityLegalAPI\EmailTemplate" namespace="global">
        <metrics complexity="0" methods="0" coveredmethods="0" conditionals="0" coveredconditionals="0" statements="0" coveredstatements="0" elements="0" coveredelements="0"/>
      </class>
      <class name="GravityLegal\GravityLegalAPI\EnvelopeSettings" namespace="global">
        <metrics complexity="0" methods="0" coveredmethods="0" conditionals="0" coveredconditionals="0" statements="0" coveredstatements="0" elements="0" coveredelements="0"/>
      </class>
      <class name="GravityLegal\GravityLegalAPI\Partner" namespace="global">
        <metrics complexity="0" methods="0" coveredmethods="0" conditionals="0" coveredconditionals="0" statements="0" coveredstatements="0" elements="0" coveredelements="0"/>
      </class>
      <class name="GravityLegal\GravityLegalAPI\Customer" namespace="global">
        <metrics complexity="0" methods="0" coveredmethods="0" conditionals="0" coveredconditionals="0" statements="0" coveredstatements="0" elements="0" coveredelements="0"/>
      </class>
      <class name="GravityLegal\GravityLegalAPI\CreateCustomer" namespace="global">
        <metrics complexity="0" methods="0" coveredmethods="0" conditionals="0" coveredconditionals="0" statements="0" coveredstatements="0" elements="0" coveredelements="0"/>
      </class>
      <class name="GravityLegal\GravityLegalAPI\CreateCustomerResult" namespace="global">
        <metrics complexity="0" methods="0" coveredmethods="0" conditionals="0" coveredconditionals="0" statements="0" coveredstatements="0" elements="0" coveredelements="0"/>
      </class>
      <class name="GravityLegal\GravityLegalAPI\CustomerResultResult" namespace="global">
        <metrics complexity="0" methods="0" coveredmethods="0" conditionals="0" coveredconditionals="0" statements="0" coveredstatements="0" elements="0" coveredelements="0"/>
      </class>
      <class name="GravityLegal\GravityLegalAPI\CustomerResult" namespace="global">
        <metrics complexity="0" methods="0" coveredmethods="0" conditionals="0" coveredconditionals="0" statements="0" coveredstatements="0" elements="0" coveredelements="0"/>
      </class>
      <class name="GravityLegal\GravityLegalAPI\TxnClient" namespace="global">
        <metrics complexity="0" methods="0" coveredmethods="0" conditionals="0" coveredconditionals="0" statements="0" coveredstatements="0" elements="0" coveredelements="0"/>
      </class>
      <class name="GravityLegal\GravityLegalAPI\PaylinkTxn" namespace="global">
        <metrics complexity="0" methods="0" coveredmethods="0" conditionals="0" coveredconditionals="0" statements="0" coveredstatements="0" elements="0" coveredelements="0"/>
      </class>
      <class name="GravityLegal\GravityLegalAPI\CustomerTxnResultResult" namespace="global">
        <metrics complexity="0" methods="0" coveredmethods="0" conditionals="0" coveredconditionals="0" statements="0" coveredstatements="0" elements="0" coveredelements="0"/>
      </class>
      <class name="GravityLegal\GravityLegalAPI\CustomerTxnResult" namespace="global">
        <metrics complexity="0" methods="0" coveredmethods="0" conditionals="0" coveredconditionals="0" statements="0" coveredstatements="0" elements="0" coveredelements="0"/>
      </class>
      <metrics loc="136" ncloc="132" classes="0" methods="0" coveredmethods="0" conditionals="0" coveredconditionals="0" statements="0" coveredstatements="0" elements="0" coveredelements="0"/>
    </file>
    <file name="/home/manoj-root/php/phpsdk/src/CustomerApiToken.php">
      <class name="GravityLegal\GravityLegalAPI\CustomerApiToken" namespace="global">
        <metrics complexity="0" methods="0" coveredmethods="0" conditionals="0" coveredconditionals="0" statements="0" coveredstatements="0" elements="0" coveredelements="0"/>
      </class>
      <metrics loc="10" ncloc="10" classes="0" methods="0" coveredmethods="0" conditionals="0" coveredconditionals="0" statements="0" coveredstatements="0" elements="0" coveredelements="0"/>
    </file>
    <file name="/home/manoj-root/php/phpsdk/src/DefaultDepositAccounts.php">
      <class name="GravityLegal\GravityLegalAPI\DefaultDepositAccounts" namespace="global">
        <metrics complexity="0" methods="0" coveredmethods="0" conditionals="0" coveredconditionals="0" statements="0" coveredstatements="0" elements="0" coveredelements="0"/>
      </class>
      <metrics loc="8" ncloc="8" classes="0" methods="0" coveredmethods="0" conditionals="0" coveredconditionals="0" statements="0" coveredstatements="0" elements="0" coveredelements="0"/>
    </file>
    <file name="/home/manoj-root/php/phpsdk/src/DeleteRequestResponse.php">
      <class name="GravityLegal\GravityLegalAPI\DeleteRequestResponseResult" namespace="global">
        <metrics complexity="0" methods="0" coveredmethods="0" conditionals="0" coveredconditionals="0" statements="0" coveredstatements="0" elements="0" coveredelements="0"/>
      </class>
      <class name="GravityLegal\GravityLegalAPI\DeleteRequestResponse" namespace="global">
        <metrics complexity="0" methods="0" coveredmethods="0" conditionals="0" coveredconditionals="0" statements="0" coveredstatements="0" elements="0" coveredelements="0"/>
      </class>
      <metrics loc="11" ncloc="11" classes="0" methods="0" coveredmethods="0" conditionals="0" coveredconditionals="0" statements="0" coveredstatements="0" elements="0" coveredelements="0"/>
    </file>
    <file name="/home/manoj-root/php/phpsdk/src/EntityCreationResult.php">
      <class name="GravityLegal\GravityLegalAPI\EntityCreationResult" namespace="global">
        <metrics complexity="0" methods="0" coveredmethods="0" conditionals="0" coveredconditionals="0" statements="0" coveredstatements="0" elements="0" coveredelements="0"/>
      </class>
      <metrics loc="7" ncloc="7" classes="0" methods="0" coveredmethods="0" conditionals="0" coveredconditionals="0" statements="0" coveredstatements="0" elements="0" coveredelements="0"/>
    </file>
    <file name="/home/manoj-root/php/phpsdk/src/EntityQueryResult.php">
      <class name="GravityLegal\GravityLegalAPI\EntityQueryResult" namespace="global">
        <metrics complexity="0" methods="0" coveredmethods="0" conditionals="0" coveredconditionals="0" statements="0" coveredstatements="0" elements="0" coveredelements="0"/>
      </class>
      <line num="6" type="stmt" count="1"/>
      <metrics loc="5" ncloc="5" classes="0" methods="0" coveredmethods="0" conditionals="0" coveredconditionals="0" statements="0" coveredstatements="0" elements="0" coveredelements="0"/>
    </file>
    <file name="/home/manoj-root/php/phpsdk/src/GetClientResult.php">
      <class name="GravityLegal\GravityLegalAPI\GetClientResult" namespace="global">
        <metrics complexity="0" methods="0" coveredmethods="0" conditionals="0" coveredconditionals="0" statements="0" coveredstatements="0" elements="0" coveredelements="0"/>
      </class>
      <metrics loc="7" ncloc="7" classes="0" methods="0" coveredmethods="0" conditionals="0" coveredconditionals="0" statements="0" coveredstatements="0" elements="0" coveredelements="0"/>
    </file>
    <file name="/home/manoj-root/php/phpsdk/src/GetCustomerResult.php">
      <class name="GravityLegal\GravityLegalAPI\GetCustomerResult" namespace="global">
        <metrics complexity="0" methods="0" coveredmethods="0" conditionals="0" coveredconditionals="0" statements="0" coveredstatements="0" elements="0" coveredelements="0"/>
      </class>
      <metrics loc="6" ncloc="6" classes="0" methods="0" coveredmethods="0" conditionals="0" coveredconditionals="0" statements="0" coveredstatements="0" elements="0" coveredelements="0"/>
    </file>
    <file name="/home/manoj-root/php/phpsdk/src/GetMatterResult.php">
      <class name="GravityLegal\GravityLegalAPI\GetMatterResult" namespace="global">
        <metrics complexity="0" methods="0" coveredmethods="0" conditionals="0" coveredconditionals="0" statements="0" coveredstatements="0" elements="0" coveredelements="0"/>
      </class>
      <metrics loc="6" ncloc="6" classes="0" methods="0" coveredmethods="0" conditionals="0" coveredconditionals="0" statements="0" coveredstatements="0" elements="0" coveredelements="0"/>
    </file>
    <file name="/home/manoj-root/php/phpsdk/src/GravityLegalService.php">
      <class name="GravityLegal\GravityLegalAPI\GravityLegalService" namespace="global">
        <metrics complexity="153" methods="46" coveredmethods="27" conditionals="0" coveredconditionals="0" statements="621" coveredstatements="560" elements="667" coveredelements="587"/>
      </class>
      <line num="24" type="method" name="__construct" visibility="public" complexity="2" crap="2" count="22"/>
      <line num="26" type="stmt" count="22"/>
      <line num="27" type="stmt" count="22"/>
      <line num="28" type="stmt" count="22"/>
      <line num="29" type="stmt" count="22"/>
      <line num="30" type="stmt" count="22"/>
      <line num="31" type="stmt" count="22"/>
      <line num="32" type="stmt" count="22"/>
      <line num="33" type="stmt" count="22"/>
      <line num="34" type="stmt" count="22"/>
      <line num="35" type="stmt" count="22"/>
      <line num="36" type="stmt" count="22"/>
      <line num="37" type="stmt" count="22"/>
      <line num="38" type="stmt" count="22"/>
      <line num="40" type="stmt" count="22"/>
      <line num="41" type="stmt" count="22"/>
      <line num="42" type="stmt" count="22"/>
      <line num="43" type="stmt" count="22"/>
      <line num="45" type="stmt" count="22"/>
      <line num="48" type="stmt" count="22"/>
      <line num="50" type="method" name="IsOnline" visibility="public" complexity="2" crap="2" count="1"/>
      <line num="51" type="stmt" count="1"/>
      <line num="52" type="stmt" count="1"/>
      <line num="53" type="stmt" count="1"/>
      <line num="54" type="stmt" count="1"/>
      <line num="55" type="stmt" count="1"/>
      <line num="56" type="stmt" count="1"/>
      <line num="57" type="stmt" count="1"/>
      <line num="58" type="stmt" count="1"/>
      <line num="68" type="method" name="GetInvitedUsers" visibility="public" complexity="9" crap="9" count="2"/>
      <line num="69" type="stmt" count="2"/>
      <line num="70" type="stmt" count="2"/>
      <line num="71" type="stmt" count="2"/>
      <line num="72" type="stmt" count="2"/>
      <line num="73" type="stmt" count="2"/>
      <line num="74" type="stmt" count="2"/>
      <line num="75" type="stmt" count="2"/>
      <line num="76" type="stmt" count="2"/>
      <line num="77" type="stmt" count="2"/>
      <line num="79" type="stmt" count="2"/>
      <line num="80" type="stmt" count="2"/>
      <line num="81" type="stmt" count="2"/>
      <line num="82" type="stmt" count="2"/>
      <line num="83" type="stmt" count="2"/>
      <line num="84" type="stmt" count="2"/>
      <line num="85" type="stmt" count="2"/>
      <line num="86" type="stmt" count="2"/>
      <line num="87" type="stmt" count="2"/>
      <line num="88" type="stmt" count="2"/>
      <line num="89" type="stmt" count="2"/>
      <line num="90" type="stmt" count="1"/>
      <line num="91" type="stmt" count="1"/>
      <line num="92" type="stmt" count="1"/>
      <line num="94" type="stmt" count="2"/>
      <line num="95" type="stmt" count="2"/>
      <line num="96" type="stmt" count="2"/>
      <line num="97" type="stmt" count="1"/>
      <line num="98" type="stmt" count="2"/>
      <line num="99" type="stmt" count="2"/>
      <line num="100" type="stmt" count="1"/>
      <line num="101" type="stmt" count="1"/>
      <line num="102" type="stmt" count="1"/>
      <line num="103" type="stmt" count="1"/>
      <line num="104" type="stmt" count="1"/>
      <line num="105" type="stmt" count="1"/>
      <line num="106" type="stmt" count="1"/>
      <line num="107" type="stmt" count="1"/>
      <line num="108" type="stmt" count="1"/>
      <line num="109" type="stmt" count="1"/>
      <line num="110" type="stmt" count="1"/>
      <line num="111" type="stmt" count="1"/>
      <line num="112" type="stmt" count="1"/>
      <line num="113" type="stmt" count="1"/>
      <line num="116" type="stmt" count="1"/>
      <line num="120" type="stmt" count="2"/>
      <line num="129" type="method" name="GetUserByEmail" visibility="public" complexity="3" crap="3" count="1"/>
      <line num="131" type="stmt" count="1"/>
      <line num="132" type="stmt" count="1"/>
      <line num="133" type="stmt" count="1"/>
      <line num="134" type="stmt" count="1"/>
      <line num="135" type="stmt" count="1"/>
      <line num="136" type="stmt" count="1"/>
      <line num="137" type="stmt" count="1"/>
      <line num="138" type="stmt" count="1"/>
      <line num="139" type="stmt" count="1"/>
      <line num="140" type="stmt" count="1"/>
      <line num="141" type="stmt" count="1"/>
      <line num="142" type="stmt" count="1"/>
      <line num="145" type="stmt" count="1"/>
      <line num="152" type="method" name="GetUserById" visibility="public" complexity="2" crap="2" count="1"/>
      <line num="154" type="stmt" count="1"/>
      <line num="155" type="stmt" count="1"/>
      <line num="156" type="stmt" count="1"/>
      <line num="157" type="stmt" count="1"/>
      <line num="158" type="stmt" count="1"/>
      <line num="159" type="stmt" count="1"/>
      <line num="160" type="stmt" count="1"/>
      <line num="161" type="stmt" count="1"/>
      <line num="162" type="stmt" count="1"/>
      <line num="163" type="stmt" count="1"/>
      <line num="164" type="stmt" count="1"/>
      <line num="166" type="stmt" count="1"/>
      <line num="177" type="method" name="FetchUsers" visibility="public" complexity="10" crap="10" count="1"/>
      <line num="178" type="stmt" count="1"/>
      <line num="179" type="stmt" count="1"/>
      <line num="180" type="stmt" count="1"/>
      <line num="181" type="stmt" count="1"/>
      <line num="182" type="stmt" count="1"/>
      <line num="183" type="stmt" count="1"/>
      <line num="184" type="stmt" count="1"/>
      <line num="185" type="stmt" count="1"/>
      <line num="187" type="stmt" count="1"/>
      <line num="188" type="stmt" count="1"/>
      <line num="189" type="stmt" count="1"/>
      <line num="190" type="stmt" count="1"/>
      <line num="191" type="stmt" count="1"/>
      <line num="192" type="stmt" count="1"/>
      <line num="193" type="stmt" count="1"/>
      <line num="194" type="stmt" count="1"/>
      <line num="196" type="stmt" count="1"/>
      <line num="197" type="stmt" count="1"/>
      <line num="198" type="stmt" count="1"/>
      <line num="199" type="stmt" count="1"/>
      <line num="202" type="stmt" count="1"/>
      <line num="203" type="stmt" count="1"/>
      <line num="204" type="stmt" count="1"/>
      <line num="205" type="stmt" count="1"/>
      <line num="206" type="stmt" count="1"/>
      <line num="207" type="stmt" count="1"/>
      <line num="208" type="stmt" count="1"/>
      <line num="209" type="stmt" count="1"/>
      <line num="211" type="stmt" count="1"/>
      <line num="212" type="stmt" count="1"/>
      <line num="213" type="stmt" count="1"/>
      <line num="214" type="stmt" count="1"/>
      <line num="216" type="stmt" count="1"/>
      <line num="217" type="stmt" count="1"/>
      <line num="218" type="stmt" count="1"/>
      <line num="219" type="stmt" count="1"/>
      <line num="220" type="stmt" count="1"/>
      <line num="221" type="stmt" count="1"/>
      <line num="223" type="stmt" count="1"/>
      <line num="224" type="stmt" count="1"/>
      <line num="225" type="stmt" count="1"/>
      <line num="226" type="stmt" count="1"/>
      <line num="228" type="stmt" count="1"/>
      <line num="231" type="stmt" count="0"/>
      <line num="235" type="stmt" count="1"/>
      <line num="246" type="method" name="FetchCustomers" visibility="public" complexity="10" crap="10" count="1"/>
      <line num="247" type="stmt" count="1"/>
      <line num="248" type="stmt" count="1"/>
      <line num="249" type="stmt" count="1"/>
      <line num="250" type="stmt" count="1"/>
      <line num="251" type="stmt" count="1"/>
      <line num="252" type="stmt" count="1"/>
      <line num="253" type="stmt" count="1"/>
      <line num="254" type="stmt" count="1"/>
      <line num="256" type="stmt" count="1"/>
      <line num="257" type="stmt" count="1"/>
      <line num="258" type="stmt" count="1"/>
      <line num="259" type="stmt" count="1"/>
      <line num="260" type="stmt" count="1"/>
      <line num="261" type="stmt" count="1"/>
      <line num="262" type="stmt" count="1"/>
      <line num="263" type="stmt" count="1"/>
      <line num="265" type="stmt" count="1"/>
      <line num="266" type="stmt" count="1"/>
      <line num="267" type="stmt" count="1"/>
      <line num="268" type="stmt" count="1"/>
      <line num="271" type="stmt" count="1"/>
      <line num="272" type="stmt" count="1"/>
      <line num="273" type="stmt" count="1"/>
      <line num="274" type="stmt" count="1"/>
      <line num="275" type="stmt" count="1"/>
      <line num="276" type="stmt" count="1"/>
      <line num="277" type="stmt" count="1"/>
      <line num="278" type="stmt" count="1"/>
      <line num="280" type="stmt" count="1"/>
      <line num="281" type="stmt" count="1"/>
      <line num="282" type="stmt" count="1"/>
      <line num="283" type="stmt" count="1"/>
      <line num="285" type="stmt" count="1"/>
      <line num="286" type="stmt" count="1"/>
      <line num="287" type="stmt" count="1"/>
      <line num="288" type="stmt" count="1"/>
      <line num="289" type="stmt" count="1"/>
      <line num="290" type="stmt" count="1"/>
      <line num="292" type="stmt" count="1"/>
      <line num="293" type="stmt" count="1"/>
      <line num="294" type="stmt" count="1"/>
      <line num="295" type="stmt" count="1"/>
      <line num="297" type="stmt" count="1"/>
      <line num="300" type="stmt" count="0"/>
      <line num="304" type="stmt" count="1"/>
      <line num="316" type="method" name="FetchPaylinks" visibility="public" complexity="11" crap="11" count="1"/>
      <line num="317" type="stmt" count="1"/>
      <line num="318" type="stmt" count="1"/>
      <line num="319" type="stmt" count="1"/>
      <line num="320" type="stmt" count="1"/>
      <line num="321" type="stmt" count="1"/>
      <line num="322" type="stmt" count="1"/>
      <line num="323" type="stmt" count="1"/>
      <line num="324" type="stmt" count="1"/>
      <line num="326" type="stmt" count="1"/>
      <line num="327" type="stmt" count="1"/>
      <line num="328" type="stmt" count="1"/>
      <line num="329" type="stmt" count="1"/>
      <line num="330" type="stmt" count="1"/>
      <line num="331" type="stmt" count="1"/>
      <line num="332" type="stmt" count="1"/>
      <line num="333" type="stmt" count="1"/>
      <line num="334" type="stmt" count="1"/>
      <line num="335" type="stmt" count="1"/>
      <line num="336" type="stmt" count="1"/>
      <line num="337" type="stmt" count="1"/>
      <line num="338" type="stmt" count="1"/>
      <line num="339" type="stmt" count="1"/>
      <line num="340" type="stmt" count="1"/>
      <line num="341" type="stmt" count="1"/>
      <line num="342" type="stmt" count="1"/>
      <line num="343" type="stmt" count="1"/>
      <line num="345" type="stmt" count="1"/>
      <line num="346" type="stmt" count="1"/>
      <line num="347" type="stmt" count="1"/>
      <line num="348" type="stmt" count="1"/>
      <line num="350" type="stmt" count="1"/>
      <line num="351" type="stmt" count="1"/>
      <line num="352" type="stmt" count="1"/>
      <line num="353" type="stmt" count="1"/>
      <line num="354" type="stmt" count="1"/>
      <line num="355" type="stmt" count="1"/>
      <line num="356" type="stmt" count="1"/>
      <line num="357" type="stmt" count="1"/>
      <line num="358" type="stmt" count="1"/>
      <line num="359" type="stmt" count="1"/>
      <line num="360" type="stmt" count="1"/>
      <line num="361" type="stmt" count="1"/>
      <line num="362" type="stmt" count="1"/>
      <line num="363" type="stmt" count="1"/>
      <line num="364" type="stmt" count="1"/>
      <line num="365" type="stmt" count="1"/>
      <line num="367" type="stmt" count="1"/>
      <line num="369" type="stmt" count="0"/>
      <line num="374" type="stmt" count="1"/>
      <line num="382" type="method" name="GetCustomer" visibility="public" complexity="2" crap="2" count="1"/>
      <line num="383" type="stmt" count="1"/>
      <line num="384" type="stmt" count="1"/>
      <line num="385" type="stmt" count="1"/>
      <line num="386" type="stmt" count="1"/>
      <line num="387" type="stmt" count="1"/>
      <line num="388" type="stmt" count="1"/>
      <line num="389" type="stmt" count="1"/>
      <line num="390" type="stmt" count="1"/>
      <line num="391" type="stmt" count="1"/>
      <line num="392" type="stmt" count="1"/>
      <line num="394" type="stmt" count="1"/>
      <line num="405" type="method" name="GetCustomerApiToken" visibility="public" complexity="10" crap="14.10" count="1"/>
      <line num="406" type="stmt" count="1"/>
      <line num="407" type="stmt" count="1"/>
      <line num="408" type="stmt" count="1"/>
      <line num="410" type="stmt" count="1"/>
      <line num="411" type="stmt" count="1"/>
      <line num="412" type="stmt" count="1"/>
      <line num="413" type="stmt" count="1"/>
      <line num="414" type="stmt" count="1"/>
      <line num="415" type="stmt" count="1"/>
      <line num="416" type="stmt" count="1"/>
      <line num="417" type="stmt" count="1"/>
      <line num="418" type="stmt" count="1"/>
      <line num="419" type="stmt" count="1"/>
      <line num="420" type="stmt" count="1"/>
      <line num="421" type="stmt" count="1"/>
      <line num="422" type="stmt" count="1"/>
      <line num="423" type="stmt" count="1"/>
      <line num="424" type="stmt" count="1"/>
      <line num="425" type="stmt" count="1"/>
      <line num="426" type="stmt" count="1"/>
      <line num="427" type="stmt" count="1"/>
      <line num="428" type="stmt" count="1"/>
      <line num="429" type="stmt" count="1"/>
      <line num="430" type="stmt" count="1"/>
      <line num="431" type="stmt" count="1"/>
      <line num="432" type="stmt" count="1"/>
      <line num="433" type="stmt" count="1"/>
      <line num="434" type="stmt" count="1"/>
      <line num="435" type="stmt" count="1"/>
      <line num="436" type="stmt" count="1"/>
      <line num="437" type="stmt" count="1"/>
      <line num="438" type="stmt" count="1"/>
      <line num="439" type="stmt" count="1"/>
      <line num="440" type="stmt" count="1"/>
      <line num="441" type="stmt" count="1"/>
      <line num="442" type="stmt" count="1"/>
      <line num="446" type="stmt" count="1"/>
      <line num="447" type="stmt" count="0"/>
      <line num="448" type="stmt" count="0"/>
      <line num="449" type="stmt" count="0"/>
      <line num="450" type="stmt" count="0"/>
      <line num="451" type="stmt" count="0"/>
      <line num="452" type="stmt" count="0"/>
      <line num="453" type="stmt" count="0"/>
      <line num="454" type="stmt" count="0"/>
      <line num="455" type="stmt" count="0"/>
      <line num="456" type="stmt" count="0"/>
      <line num="457" type="stmt" count="0"/>
      <line num="458" type="stmt" count="0"/>
      <line num="459" type="stmt" count="0"/>
      <line num="460" type="stmt" count="0"/>
      <line num="461" type="stmt" count="0"/>
      <line num="462" type="stmt" count="0"/>
      <line num="463" type="stmt" count="0"/>
      <line num="464" type="stmt" count="0"/>
      <line num="465" type="stmt" count="0"/>
      <line num="466" type="stmt" count="0"/>
      <line num="472" type="stmt" count="1"/>
      <line num="483" type="method" name="FetchClients" visibility="public" complexity="10" crap="10" count="1"/>
      <line num="484" type="stmt" count="1"/>
      <line num="485" type="stmt" count="1"/>
      <line num="486" type="stmt" count="1"/>
      <line num="487" type="stmt" count="1"/>
      <line num="488" type="stmt" count="1"/>
      <line num="489" type="stmt" count="1"/>
      <line num="490" type="stmt" count="1"/>
      <line num="491" type="stmt" count="1"/>
      <line num="493" type="stmt" count="1"/>
      <line num="494" type="stmt" count="1"/>
      <line num="495" type="stmt" count="1"/>
      <line num="496" type="stmt" count="1"/>
      <line num="497" type="stmt" count="1"/>
      <line num="498" type="stmt" count="1"/>
      <line num="499" type="stmt" count="1"/>
      <line num="500" type="stmt" count="1"/>
      <line num="502" type="stmt" count="1"/>
      <line num="503" type="stmt" count="1"/>
      <line num="504" type="stmt" count="1"/>
      <line num="505" type="stmt" count="1"/>
      <line num="508" type="stmt" count="1"/>
      <line num="509" type="stmt" count="1"/>
      <line num="510" type="stmt" count="1"/>
      <line num="511" type="stmt" count="1"/>
      <line num="512" type="stmt" count="1"/>
      <line num="513" type="stmt" count="1"/>
      <line num="514" type="stmt" count="1"/>
      <line num="515" type="stmt" count="1"/>
      <line num="517" type="stmt" count="1"/>
      <line num="518" type="stmt" count="1"/>
      <line num="519" type="stmt" count="1"/>
      <line num="520" type="stmt" count="1"/>
      <line num="522" type="stmt" count="1"/>
      <line num="523" type="stmt" count="1"/>
      <line num="524" type="stmt" count="1"/>
      <line num="525" type="stmt" count="1"/>
      <line num="526" type="stmt" count="1"/>
      <line num="527" type="stmt" count="1"/>
      <line num="529" type="stmt" count="1"/>
      <line num="530" type="stmt" count="1"/>
      <line num="531" type="stmt" count="1"/>
      <line num="532" type="stmt" count="1"/>
      <line num="534" type="stmt" count="1"/>
      <line num="537" type="stmt" count="0"/>
      <line num="541" type="stmt" count="1"/>
      <line num="549" type="method" name="CreateNewClients" visibility="public" complexity="3" crap="3.00" count="1"/>
      <line num="550" type="stmt" count="1"/>
      <line num="551" type="stmt" count="1"/>
      <line num="552" type="stmt" count="1"/>
      <line num="553" type="stmt" count="1"/>
      <line num="555" type="stmt" count="1"/>
      <line num="556" type="stmt" count="1"/>
      <line num="557" type="stmt" count="1"/>
      <line num="558" type="stmt" count="1"/>
      <line num="559" type="stmt" count="1"/>
      <line num="560" type="stmt" count="1"/>
      <line num="561" type="stmt" count="1"/>
      <line num="562" type="stmt" count="1"/>
      <line num="563" type="stmt" count="1"/>
      <line num="564" type="stmt" count="1"/>
      <line num="567" type="stmt" count="0"/>
      <line num="570" type="stmt" count="1"/>
      <line num="578" type="method" name="GetClient" visibility="public" complexity="2" crap="2" count="2"/>
      <line num="579" type="stmt" count="2"/>
      <line num="580" type="stmt" count="2"/>
      <line num="581" type="stmt" count="2"/>
      <line num="582" type="stmt" count="2"/>
      <line num="583" type="stmt" count="2"/>
      <line num="584" type="stmt" count="2"/>
      <line num="585" type="stmt" count="2"/>
      <line num="586" type="stmt" count="2"/>
      <line num="587" type="stmt" count="2"/>
      <line num="589" type="stmt" count="2"/>
      <line num="599" type="method" name="GetContactByEmail" visibility="public" complexity="4" crap="4.00" count="2"/>
      <line num="600" type="stmt" count="2"/>
      <line num="601" type="stmt" count="2"/>
      <line num="602" type="stmt" count="2"/>
      <line num="603" type="stmt" count="2"/>
      <line num="604" type="stmt" count="2"/>
      <line num="606" type="stmt" count="0"/>
      <line num="607" type="stmt" count="2"/>
      <line num="608" type="stmt" count="2"/>
      <line num="609" type="stmt" count="2"/>
      <line num="610" type="stmt" count="2"/>
      <line num="611" type="stmt" count="2"/>
      <line num="612" type="stmt" count="2"/>
      <line num="613" type="stmt" count="2"/>
      <line num="614" type="stmt" count="2"/>
      <line num="615" type="stmt" count="2"/>
      <line num="616" type="stmt" count="2"/>
      <line num="619" type="stmt" count="2"/>
      <line num="627" type="method" name="FindClientByEmail" visibility="public" complexity="2" crap="2" count="1"/>
      <line num="628" type="stmt" count="1"/>
      <line num="629" type="stmt" count="1"/>
      <line num="631" type="stmt" count="1"/>
      <line num="632" type="stmt" count="1"/>
      <line num="633" type="stmt" count="1"/>
      <line num="634" type="stmt" count="1"/>
      <line num="635" type="stmt" count="1"/>
      <line num="643" type="method" name="GetContact" visibility="public" complexity="2" crap="2" count="1"/>
      <line num="644" type="stmt" count="1"/>
      <line num="645" type="stmt" count="1"/>
      <line num="646" type="stmt" count="1"/>
      <line num="647" type="stmt" count="1"/>
      <line num="648" type="stmt" count="1"/>
      <line num="649" type="stmt" count="1"/>
      <line num="650" type="stmt" count="1"/>
      <line num="651" type="stmt" count="1"/>
      <line num="652" type="stmt" count="1"/>
      <line num="653" type="stmt" count="1"/>
      <line num="654" type="stmt" count="1"/>
      <line num="655" type="stmt" count="1"/>
      <line num="657" type="stmt" count="1"/>
      <line num="667" type="method" name="FindClient" visibility="public" complexity="9" crap="9" count="3"/>
      <line num="668" type="stmt" count="3"/>
      <line num="669" type="stmt" count="3"/>
      <line num="670" type="stmt" count="3"/>
      <line num="671" type="stmt" count="3"/>
      <line num="672" type="stmt" count="3"/>
      <line num="673" type="stmt" count="3"/>
      <line num="674" type="stmt" count="3"/>
      <line num="675" type="stmt" count="3"/>
      <line num="676" type="stmt" count="3"/>
      <line num="677" type="stmt" count="3"/>
      <line num="678" type="stmt" count="3"/>
      <line num="679" type="stmt" count="3"/>
      <line num="680" type="stmt" count="2"/>
      <line num="681" type="stmt" count="2"/>
      <line num="682" type="stmt" count="2"/>
      <line num="684" type="stmt" count="3"/>
      <line num="685" type="stmt" count="3"/>
      <line num="686" type="stmt" count="3"/>
      <line num="687" type="stmt" count="2"/>
      <line num="688" type="stmt" count="3"/>
      <line num="689" type="stmt" count="3"/>
      <line num="690" type="stmt" count="2"/>
      <line num="691" type="stmt" count="2"/>
      <line num="693" type="stmt" count="1"/>
      <line num="694" type="stmt" count="1"/>
      <line num="695" type="stmt" count="1"/>
      <line num="696" type="stmt" count="1"/>
      <line num="697" type="stmt" count="1"/>
      <line num="698" type="stmt" count="1"/>
      <line num="699" type="stmt" count="1"/>
      <line num="701" type="stmt" count="1"/>
      <line num="702" type="stmt" count="1"/>
      <line num="703" type="stmt" count="1"/>
      <line num="704" type="stmt" count="1"/>
      <line num="706" type="stmt" count="1"/>
      <line num="709" type="stmt" count="0"/>
      <line num="713" type="stmt" count="3"/>
      <line num="721" type="method" name="FindOrCreateClient" visibility="public" complexity="4" crap="4.00" count="2"/>
      <line num="722" type="stmt" count="2"/>
      <line num="723" type="stmt" count="2"/>
      <line num="724" type="stmt" count="2"/>
      <line num="725" type="stmt" count="0"/>
      <line num="726" type="stmt" count="2"/>
      <line num="727" type="stmt" count="2"/>
      <line num="728" type="stmt" count="2"/>
      <line num="729" type="stmt" count="2"/>
      <line num="730" type="stmt" count="2"/>
      <line num="731" type="stmt" count="2"/>
      <line num="732" type="stmt" count="2"/>
      <line num="733" type="stmt" count="2"/>
      <line num="734" type="stmt" count="2"/>
      <line num="735" type="stmt" count="2"/>
      <line num="736" type="stmt" count="2"/>
      <line num="739" type="stmt" count="2"/>
      <line num="747" type="method" name="GetClientInstanceInfoResponse" visibility="private" complexity="2" crap="2" count="4"/>
      <line num="748" type="stmt" count="4"/>
      <line num="749" type="stmt" count="4"/>
      <line num="750" type="stmt" count="4"/>
      <line num="751" type="stmt" count="4"/>
      <line num="752" type="stmt" count="4"/>
      <line num="753" type="stmt" count="4"/>
      <line num="754" type="stmt" count="3"/>
      <line num="755" type="stmt" count="3"/>
      <line num="756" type="stmt" count="3"/>
      <line num="757" type="stmt" count="3"/>
      <line num="758" type="stmt" count="3"/>
      <line num="760" type="stmt" count="4"/>
      <line num="768" type="method" name="DeleteLedgerItem" visibility="private" complexity="2" crap="6" count="0"/>
      <line num="769" type="stmt" count="0"/>
      <line num="770" type="stmt" count="0"/>
      <line num="771" type="stmt" count="0"/>
      <line num="772" type="stmt" count="0"/>
      <line num="773" type="stmt" count="0"/>
      <line num="774" type="stmt" count="0"/>
      <line num="775" type="stmt" count="0"/>
      <line num="776" type="stmt" count="0"/>
      <line num="777" type="stmt" count="0"/>
      <line num="778" type="stmt" count="0"/>
      <line num="779" type="stmt" count="0"/>
      <line num="780" type="stmt" count="0"/>
      <line num="783" type="stmt" count="0"/>
      <line num="791" type="method" name="DeletePaylink" visibility="public" complexity="2" crap="2.00" count="2"/>
      <line num="792" type="stmt" count="2"/>
      <line num="793" type="stmt" count="2"/>
      <line num="794" type="stmt" count="2"/>
      <line num="795" type="stmt" count="2"/>
      <line num="796" type="stmt" count="2"/>
      <line num="797" type="stmt" count="2"/>
      <line num="798" type="stmt" count="2"/>
      <line num="799" type="stmt" count="2"/>
      <line num="800" type="stmt" count="2"/>
      <line num="801" type="stmt" count="2"/>
      <line num="802" type="stmt" count="2"/>
      <line num="805" type="stmt" count="0"/>
      <line num="813" type="method" name="DeleteClient" visibility="public" complexity="15" crap="30.21" count="4"/>
      <line num="814" type="stmt" count="4"/>
      <line num="816" type="stmt" count="4"/>
      <line num="817" type="stmt" count="4"/>
      <line num="818" type="stmt" count="1"/>
      <line num="819" type="stmt" count="3"/>
      <line num="821" type="stmt" count="0"/>
      <line num="823" type="stmt" count="0"/>
      <line num="824" type="stmt" count="0"/>
      <line num="825" type="stmt" count="0"/>
      <line num="826" type="stmt" count="0"/>
      <line num="831" type="stmt" count="3"/>
      <line num="833" type="stmt" count="0"/>
      <line num="835" type="stmt" count="0"/>
      <line num="836" type="stmt" count="0"/>
      <line num="837" type="stmt" count="0"/>
      <line num="838" type="stmt" count="0"/>
      <line num="844" type="stmt" count="3"/>
      <line num="845" type="stmt" count="3"/>
      <line num="846" type="stmt" count="3"/>
      <line num="847" type="stmt" count="3"/>
      <line num="848" type="stmt" count="3"/>
      <line num="849" type="stmt" count="3"/>
      <line num="850" type="stmt" count="3"/>
      <line num="851" type="stmt" count="3"/>
      <line num="852" type="stmt" count="3"/>
      <line num="853" type="stmt" count="3"/>
      <line num="856" type="stmt" count="0"/>
      <line num="864" type="method" name="CreateNewMatters" visibility="public" complexity="3" crap="3.00" count="2"/>
      <line num="865" type="stmt" count="2"/>
      <line num="866" type="stmt" count="2"/>
      <line num="867" type="stmt" count="2"/>
      <line num="868" type="stmt" count="2"/>
      <line num="870" type="stmt" count="2"/>
      <line num="871" type="stmt" count="2"/>
      <line num="872" type="stmt" count="2"/>
      <line num="873" type="stmt" count="2"/>
      <line num="874" type="stmt" count="2"/>
      <line num="875" type="stmt" count="2"/>
      <line num="876" type="stmt" count="2"/>
      <line num="877" type="stmt" count="2"/>
      <line num="878" type="stmt" count="2"/>
      <line num="879" type="stmt" count="2"/>
      <line num="882" type="stmt" count="0"/>
      <line num="885" type="stmt" count="2"/>
      <line num="893" type="method" name="FindOrCreateMatter" visibility="public" complexity="4" crap="4" count="2"/>
      <line num="894" type="stmt" count="2"/>
      <line num="895" type="stmt" count="2"/>
      <line num="896" type="stmt" count="2"/>
      <line num="897" type="stmt" count="2"/>
      <line num="898" type="stmt" count="2"/>
      <line num="899" type="stmt" count="2"/>
      <line num="900" type="stmt" count="2"/>
      <line num="901" type="stmt" count="2"/>
      <line num="902" type="stmt" count="2"/>
      <line num="903" type="stmt" count="2"/>
      <line num="904" type="stmt" count="2"/>
      <line num="907" type="stmt" count="2"/>
      <line num="915" type="method" name="FindMatterByExternalId" visibility="public" complexity="4" crap="4" count="3"/>
      <line num="916" type="stmt" count="3"/>
      <line num="917" type="stmt" count="3"/>
      <line num="918" type="stmt" count="3"/>
      <line num="919" type="stmt" count="3"/>
      <line num="920" type="stmt" count="3"/>
      <line num="921" type="stmt" count="3"/>
      <line num="922" type="stmt" count="3"/>
      <line num="923" type="stmt" count="3"/>
      <line num="924" type="stmt" count="3"/>
      <line num="925" type="stmt" count="3"/>
      <line num="926" type="stmt" count="3"/>
      <line num="927" type="stmt" count="2"/>
      <line num="928" type="stmt" count="2"/>
      <line num="931" type="stmt" count="3"/>
      <line num="940" type="method" name="CreateNewPaylink" visibility="public" complexity="4" crap="4.00" count="2"/>
      <line num="941" type="stmt" count="2"/>
      <line num="942" type="stmt" count="2"/>
      <line num="943" type="stmt" count="2"/>
      <line num="945" type="stmt" count="2"/>
      <line num="946" type="stmt" count="1"/>
      <line num="947" type="stmt" count="1"/>
      <line num="948" type="stmt" count="0"/>
      <line num="950" type="stmt" count="1"/>
      <line num="952" type="stmt" count="2"/>
      <line num="953" type="stmt" count="2"/>
      <line num="954" type="stmt" count="2"/>
      <line num="955" type="stmt" count="2"/>
      <line num="956" type="stmt" count="2"/>
      <line num="957" type="stmt" count="2"/>
      <line num="958" type="stmt" count="2"/>
      <line num="959" type="stmt" count="2"/>
      <line num="960" type="stmt" count="2"/>
      <line num="961" type="stmt" count="2"/>
      <line num="963" type="stmt" count="2"/>
      <line num="970" type="method" name="getHttpHeaders" visibility="public" complexity="1" crap="1" count="22"/>
      <line num="972" type="stmt" count="22"/>
      <line num="980" type="method" name="setHttpHeaders" visibility="public" complexity="1" crap="1" count="22"/>
      <line num="982" type="stmt" count="22"/>
      <line num="984" type="stmt" count="22"/>
      <line num="990" type="method" name="getBaseUrl" visibility="public" complexity="1" crap="1" count="20"/>
      <line num="992" type="stmt" count="20"/>
      <line num="1000" type="method" name="setBaseUrl" visibility="public" complexity="1" crap="1" count="22"/>
      <line num="1002" type="stmt" count="22"/>
      <line num="1004" type="stmt" count="22"/>
      <line num="1010" type="method" name="getPrahariBaseUrl" visibility="public" complexity="1" crap="1" count="3"/>
      <line num="1012" type="stmt" count="3"/>
      <line num="1020" type="method" name="setPrahariBaseUrl" visibility="public" complexity="1" crap="1" count="22"/>
      <line num="1022" type="stmt" count="22"/>
      <line num="1024" type="stmt" count="22"/>
      <line num="1030" type="method" name="getOperationsUrl" visibility="public" complexity="1" crap="2" count="0"/>
      <line num="1032" type="stmt" count="0"/>
      <line num="1040" type="method" name="setOperationsUrl" visibility="public" complexity="1" crap="2" count="0"/>
      <line num="1042" type="stmt" count="0"/>
      <line num="1044" type="stmt" count="0"/>
      <line num="1050" type="method" name="getOpsUrl" visibility="public" complexity="1" crap="2" count="0"/>
      <line num="1052" type="stmt" count="0"/>
      <line num="1060" type="method" name="setOpsUrl" visibility="public" complexity="1" crap="1" count="22"/>
      <line num="1062" type="stmt" count="22"/>
      <line num="1064" type="stmt" count="22"/>
      <line num="1070" type="method" name="getAppId" visibility="public" complexity="1" crap="2" count="0"/>
      <line num="1072" type="stmt" count="0"/>
      <line num="1080" type="method" name="setAppId" visibility="public" complexity="1" crap="1" count="22"/>
      <line num="1082" type="stmt" count="22"/>
      <line num="1084" type="stmt" count="22"/>
      <line num="1090" type="method" name="getOrgId" visibility="public" complexity="1" crap="2" count="0"/>
      <line num="1092" type="stmt" count="0"/>
      <line num="1100" type="method" name="setOrgId" visibility="public" complexity="1" crap="1" count="22"/>
      <line num="1102" type="stmt" count="22"/>
      <line num="1104" type="stmt" count="22"/>
      <line num="1110" type="method" name="getLastRestResponse" visibility="public" complexity="1" crap="1" count="1"/>
      <line num="1112" type="stmt" count="1"/>
      <line num="1120" type="method" name="setLastRestResponse" visibility="public" complexity="1" crap="1" count="22"/>
      <line num="1122" type="stmt" count="22"/>
      <line num="1124" type="stmt" count="22"/>
      <line num="1130" type="method" name="getEnvUrl" visibility="public" complexity="1" crap="1" count="1"/>
      <line num="1132" type="stmt" count="1"/>
      <line num="1140" type="method" name="setEnvUrl" visibility="public" complexity="1" crap="1" count="22"/>
      <line num="1142" type="stmt" count="22"/>
      <line num="1144" type="stmt" count="22"/>
      <line num="1150" type="method" name="getPrahariUrl" visibility="public" complexity="1" crap="1" count="1"/>
      <line num="1152" type="stmt" count="1"/>
      <line num="1160" type="method" name="setPrahariUrl" visibility="public" complexity="1" crap="1" count="22"/>
      <line num="1162" type="stmt" count="22"/>
      <line num="1164" type="stmt" count="22"/>
      <line num="1166" type="stmt" count="1"/>
      <metrics loc="1165" ncloc="945" classes="1" methods="46" coveredmethods="27" conditionals="0" coveredconditionals="0" statements="621" coveredstatements="560" elements="667" coveredelements="587"/>
    </file>
    <file name="/home/manoj-root/php/phpsdk/src/InvitedUser.php">
      <class name="GravityLegal\GravityLegalAPI\InvitedUser" namespace="global">
        <metrics complexity="0" methods="0" coveredmethods="0" conditionals="0" coveredconditionals="0" statements="0" coveredstatements="0" elements="0" coveredelements="0"/>
      </class>
      <metrics loc="22" ncloc="22" classes="0" methods="0" coveredmethods="0" conditionals="0" coveredconditionals="0" statements="0" coveredstatements="0" elements="0" coveredelements="0"/>
    </file>
    <file name="/home/manoj-root/php/phpsdk/src/Matter.php">
      <class name="GravityLegal\GravityLegalAPI\Matter" namespace="global">
        <metrics complexity="0" methods="0" coveredmethods="0" conditionals="0" coveredconditionals="0" statements="0" coveredstatements="0" elements="0" coveredelements="0"/>
      </class>
      <metrics loc="24" ncloc="24" classes="0" methods="0" coveredmethods="0" conditionals="0" coveredconditionals="0" statements="0" coveredstatements="0" elements="0" coveredelements="0"/>
    </file>
    <file name="/home/manoj-root/php/phpsdk/src/MatterResult.php">
      <class name="GravityLegal\GravityLegalAPI\MatterResultResult" namespace="global">
        <metrics complexity="0" methods="0" coveredmethods="0" conditionals="0" coveredconditionals="0" statements="0" coveredstatements="0" elements="0" coveredelements="0"/>
      </class>
      <class name="GravityLegal\GravityLegalAPI\MatterResult" namespace="global">
        <metrics complexity="0" methods="0" coveredmethods="0" conditionals="0" coveredconditionals="0" statements="0" coveredstatements="0" elements="0" coveredelements="0"/>
      </class>
      <metrics loc="13" ncloc="12" classes="0" methods="0" coveredmethods="0" conditionals="0" coveredconditionals="0" statements="0" coveredstatements="0" elements="0" coveredelements="0"/>
    </file>
    <file name="/home/manoj-root/php/phpsdk/src/Operating.php">
      <class name="GravityLegal\GravityLegalAPI\Operating" namespace="global">
        <metrics complexity="0" methods="0" coveredmethods="0" conditionals="0" coveredconditionals="0" statements="0" coveredstatements="0" elements="0" coveredelements="0"/>
      </class>
      <metrics loc="7" ncloc="7" classes="0" methods="0" coveredmethods="0" conditionals="0" coveredconditionals="0" statements="0" coveredstatements="0" elements="0" coveredelements="0"/>
    </file>
    <file name="/home/manoj-root/php/phpsdk/src/Org.php">
      <class name="GravityLegal\GravityLegalAPI\Org" namespace="global">
        <metrics complexity="0" methods="0" coveredmethods="0" conditionals="0" coveredconditionals="0" statements="0" coveredstatements="0" elements="0" coveredelements="0"/>
      </class>
      <metrics loc="15" ncloc="14" classes="0" methods="0" coveredmethods="0" conditionals="0" coveredconditionals="0" statements="0" coveredstatements="0" elements="0" coveredelements="0"/>
    </file>
    <file name="/home/manoj-root/php/phpsdk/src/PUser.php">
      <class name="GravityLegal\GravityLegalAPI\PUser" namespace="global">
        <metrics complexity="0" methods="0" coveredmethods="0" conditionals="0" coveredconditionals="0" statements="0" coveredstatements="0" elements="0" coveredelements="0"/>
      </class>
      <line num="21" type="stmt" count="1"/>
      <metrics loc="20" ncloc="19" classes="0" methods="0" coveredmethods="0" conditionals="0" coveredconditionals="0" statements="0" coveredstatements="0" elements="0" coveredelements="0"/>
    </file>
    <file name="/home/manoj-root/php/phpsdk/src/PUserResponse.php">
      <class name="GravityLegal\GravityLegalAPI\PUserResponseResult" namespace="global">
        <metrics complexity="0" methods="0" coveredmethods="0" conditionals="0" coveredconditionals="0" statements="0" coveredstatements="0" elements="0" coveredelements="0"/>
      </class>
      <class name="GravityLegal\GravityLegalAPI\PUserResponse" namespace="global">
        <metrics complexity="0" methods="0" coveredmethods="0" conditionals="0" coveredconditionals="0" statements="0" coveredstatements="0" elements="0" coveredelements="0"/>
      </class>
      <metrics loc="13" ncloc="12" classes="0" methods="0" coveredmethods="0" conditionals="0" coveredconditionals="0" statements="0" coveredstatements="0" elements="0" coveredelements="0"/>
    </file>
    <file name="/home/manoj-root/php/phpsdk/src/Paylink.php">
      <class name="GravityLegal\GravityLegalAPI\Paylink" namespace="global">
        <metrics complexity="0" methods="0" coveredmethods="0" conditionals="0" coveredconditionals="0" statements="0" coveredstatements="0" elements="0" coveredelements="0"/>
      </class>
      <metrics loc="27" ncloc="26" classes="0" methods="0" coveredmethods="0" conditionals="0" coveredconditionals="0" statements="0" coveredstatements="0" elements="0" coveredelements="0"/>
    </file>
    <file name="/home/manoj-root/php/phpsdk/src/PaylinkInfo.php">
      <class name="GravityLegal\GravityLegalAPI\PaylinkInfo" namespace="global">
        <metrics complexity="0" methods="0" coveredmethods="0" conditionals="0" coveredconditionals="0" statements="0" coveredstatements="0" elements="0" coveredelements="0"/>
      </class>
      <metrics loc="25" ncloc="24" classes="0" methods="0" coveredmethods="0" conditionals="0" coveredconditionals="0" statements="0" coveredstatements="0" elements="0" coveredelements="0"/>
    </file>
    <file name="/home/manoj-root/php/phpsdk/src/PaylinkResult.php">
      <class name="GravityLegal\GravityLegalAPI\PaylinkResultResult" namespace="global">
        <metrics complexity="0" methods="0" coveredmethods="0" conditionals="0" coveredconditionals="0" statements="0" coveredstatements="0" elements="0" coveredelements="0"/>
      </class>
      <class name="GravityLegal\GravityLegalAPI\PaylinkResult" namespace="global">
        <metrics complexity="0" methods="0" coveredmethods="0" conditionals="0" coveredconditionals="0" statements="0" coveredstatements="0" elements="0" coveredelements="0"/>
      </class>
      <class name="GravityLegal\GravityLegalAPI\GetPaylinkResult" namespace="global">
        <metrics complexity="0" methods="0" coveredmethods="0" conditionals="0" coveredconditionals="0" statements="0" coveredstatements="0" elements="0" coveredelements="0"/>
      </class>
      <line num="17" type="stmt" count="1"/>
      <metrics loc="16" ncloc="15" classes="0" methods="0" coveredmethods="0" conditionals="0" coveredconditionals="0" statements="0" coveredstatements="0" elements="0" coveredelements="0"/>
    </file>
    <file name="/home/manoj-root/php/phpsdk/src/Role.php">
      <class name="GravityLegal\GravityLegalAPI\Role" namespace="global">
        <metrics complexity="0" methods="0" coveredmethods="0" conditionals="0" coveredconditionals="0" statements="0" coveredstatements="0" elements="0" coveredelements="0"/>
      </class>
      <metrics loc="12" ncloc="10" classes="0" methods="0" coveredmethods="0" conditionals="0" coveredconditionals="0" statements="0" coveredstatements="0" elements="0" coveredelements="0"/>
    </file>
    <file name="/home/manoj-root/php/phpsdk/src/SystemTokenCreationRequest.php">
      <class name="GravityLegal\GravityLegalAPI\SystemTokenCreationRequest" namespace="global">
        <metrics complexity="0" methods="0" coveredmethods="0" conditionals="0" coveredconditionals="0" statements="0" coveredstatements="0" elements="0" coveredelements="0"/>
      </class>
      <line num="9" type="stmt" count="0"/>
      <metrics loc="8" ncloc="8" classes="0" methods="0" coveredmethods="0" conditionals="0" coveredconditionals="0" statements="0" coveredstatements="0" elements="0" coveredelements="0"/>
    </file>
    <file name="/home/manoj-root/php/phpsdk/src/SystemTokenCreationResponse.php">
      <class name="GravityLegal\GravityLegalAPI\SystemTokenCreationResponseResult" namespace="global">
        <metrics complexity="0" methods="0" coveredmethods="0" conditionals="0" coveredconditionals="0" statements="0" coveredstatements="0" elements="0" coveredelements="0"/>
      </class>
      <class name="GravityLegal\GravityLegalAPI\SystemTokenCreationResponse" namespace="global">
        <metrics complexity="0" methods="0" coveredmethods="0" conditionals="0" coveredconditionals="0" statements="0" coveredstatements="0" elements="0" coveredelements="0"/>
      </class>
      <line num="19" type="stmt" count="0"/>
      <metrics loc="18" ncloc="18" classes="0" methods="0" coveredmethods="0" conditionals="0" coveredconditionals="0" statements="0" coveredstatements="0" elements="0" coveredelements="0"/>
    </file>
    <file name="/home/manoj-root/php/phpsdk/src/SystemTokenRecord.php">
      <class name="GravityLegal\GravityLegalAPI\SystemTokenRecordUser" namespace="global">
        <metrics complexity="0" methods="0" coveredmethods="0" conditionals="0" coveredconditionals="0" statements="0" coveredstatements="0" elements="0" coveredelements="0"/>
      </class>
      <class name="GravityLegal\GravityLegalAPI\SystemTokenRecord" namespace="global">
        <metrics complexity="0" methods="0" coveredmethods="0" conditionals="0" coveredconditionals="0" statements="0" coveredstatements="0" elements="0" coveredelements="0"/>
      </class>
      <metrics loc="17" ncloc="16" classes="0" methods="0" coveredmethods="0" conditionals="0" coveredconditionals="0" statements="0" coveredstatements="0" elements="0" coveredelements="0"/>
    </file>
    <file name="/home/manoj-root/php/phpsdk/src/SystemTokenRequestResponse.php">
      <class name="GravityLegal\GravityLegalAPI\SystemTokenRequestResponseResult" namespace="global">
        <metrics complexity="0" methods="0" coveredmethods="0" conditionals="0" coveredconditionals="0" statements="0" coveredstatements="0" elements="0" coveredelements="0"/>
      </class>
      <class name="GravityLegal\GravityLegalAPI\SystemTokenRequestResponse" namespace="global">
        <metrics complexity="0" methods="0" coveredmethods="0" conditionals="0" coveredconditionals="0" statements="0" coveredstatements="0" elements="0" coveredelements="0"/>
      </class>
      <metrics loc="13" ncloc="12" classes="0" methods="0" coveredmethods="0" conditionals="0" coveredconditionals="0" statements="0" coveredstatements="0" elements="0" coveredelements="0"/>
    </file>
    <file name="/home/manoj-root/php/phpsdk/src/Trust.php">
      <class name="GravityLegal\GravityLegalAPI\Trust" namespace="global">
        <metrics complexity="0" methods="0" coveredmethods="0" conditionals="0" coveredconditionals="0" statements="0" coveredstatements="0" elements="0" coveredelements="0"/>
      </class>
      <metrics loc="7" ncloc="7" classes="0" methods="0" coveredmethods="0" conditionals="0" coveredconditionals="0" statements="0" coveredstatements="0" elements="0" coveredelements="0"/>
    </file>
    <file name="/home/manoj-root/php/phpsdk/src/User.php">
      <class name="GravityLegal\GravityLegalAPI\User" namespace="global">
        <metrics complexity="0" methods="0" coveredmethods="0" conditionals="0" coveredconditionals="0" statements="0" coveredstatements="0" elements="0" coveredelements="0"/>
      </class>
      <class name="GravityLegal\GravityLegalAPI\GetUserResult" namespace="global">
        <metrics complexity="0" methods="0" coveredmethods="0" conditionals="0" coveredconditionals="0" statements="0" coveredstatements="0" elements="0" coveredelements="0"/>
      </class>
      <metrics loc="30" ncloc="30" classes="0" methods="0" coveredmethods="0" conditionals="0" coveredconditionals="0" statements="0" coveredstatements="0" elements="0" coveredelements="0"/>
    </file>
    <file name="/home/manoj-root/php/phpsdk/src/UserInviteResponse.php">
      <class name="GravityLegal\GravityLegalAPI\UserInviteResponseResult" namespace="global">
        <metrics complexity="0" methods="0" coveredmethods="0" conditionals="0" coveredconditionals="0" statements="0" coveredstatements="0" elements="0" coveredelements="0"/>
      </class>
      <class name="GravityLegal\GravityLegalAPI\UserInviteResponse" namespace="global">
        <metrics complexity="0" methods="0" coveredmethods="0" conditionals="0" coveredconditionals="0" statements="0" coveredstatements="0" elements="0" coveredelements="0"/>
      </class>
      <metrics loc="13" ncloc="12" classes="0" methods="0" coveredmethods="0" conditionals="0" coveredconditionals="0" statements="0" coveredstatements="0" elements="0" coveredelements="0"/>
    </file>
    <file name="/home/manoj-root/php/phpsdk/src/UserOrg.php">
      <class name="GravityLegal\GravityLegalAPI\UserOrg" namespace="global">
        <metrics complexity="0" methods="0" coveredmethods="0" conditionals="0" coveredconditionals="0" statements="0" coveredstatements="0" elements="0" coveredelements="0"/>
      </class>
      <metrics loc="7" ncloc="7" classes="0" methods="0" coveredmethods="0" conditionals="0" coveredconditionals="0" statements="0" coveredstatements="0" elements="0" coveredelements="0"/>
    </file>
    <file name="/home/manoj-root/php/phpsdk/src/UserResult.php">
      <class name="GravityLegal\GravityLegalAPI\UserResult" namespace="global">
        <metrics complexity="0" methods="0" coveredmethods="0" conditionals="0" coveredconditionals="0" statements="0" coveredstatements="0" elements="0" coveredelements="0"/>
      </class>
      <class name="GravityLegal\GravityLegalAPI\UserResultResult" namespace="global">
        <metrics complexity="0" methods="0" coveredmethods="0" conditionals="0" coveredconditionals="0" statements="0" coveredstatements="0" elements="0" coveredelements="0"/>
      </class>
      <metrics loc="13" ncloc="12" classes="0" methods="0" coveredmethods="0" conditionals="0" coveredconditionals="0" statements="0" coveredstatements="0" elements="0" coveredelements="0"/>
    </file>
    <file name="/home/manoj-root/php/phpsdk/src/Utility.php">
      <class name="GravityLegal\GravityLegalAPI\Utility" namespace="global">
        <metrics complexity="10" methods="2" coveredmethods="0" conditionals="0" coveredconditionals="0" statements="35" coveredstatements="18" elements="37" coveredelements="18"/>
      </class>
      <line num="13" type="method" name="cast" visibility="public" complexity="4" crap="4.05" count="21"/>
      <line num="15" type="stmt" count="21"/>
      <line num="16" type="stmt" count="0"/>
      <line num="18" type="stmt" count="21"/>
      <line num="19" type="stmt" count="21"/>
      <line num="20" type="stmt" count="21"/>
      <line num="21" type="stmt" count="21"/>
      <line num="22" type="stmt" count="21"/>
      <line num="23" type="stmt" count="21"/>
      <line num="24" type="stmt" count="21"/>
      <line num="33" type="stmt" count="21"/>
      <line num="34" type="stmt" count="21"/>
      <line num="35" type="stmt" count="21"/>
      <line num="37" type="stmt" count="21"/>
      <line num="39" type="stmt" count="0"/>
      <line num="54" type="method" name="GUIDv4" visibility="public" complexity="6" crap="19.12" count="3"/>
      <line num="57" type="stmt" count="3"/>
      <line num="58" type="stmt" count="0"/>
      <line num="59" type="stmt" count="0"/>
      <line num="61" type="stmt" count="0"/>
      <line num="65" type="stmt" count="3"/>
      <line num="66" type="stmt" count="3"/>
      <line num="67" type="stmt" count="3"/>
      <line num="68" type="stmt" count="3"/>
      <line num="69" type="stmt" count="3"/>
      <line num="73" type="stmt" count="0"/>
      <line num="74" type="stmt" count="0"/>
      <line num="75" type="stmt" count="0"/>
      <line num="76" type="stmt" count="0"/>
      <line num="77" type="stmt" count="0"/>
      <line num="79" type="stmt" count="0"/>
      <line num="80" type="stmt" count="0"/>
      <line num="81" type="stmt" count="0"/>
      <line num="82" type="stmt" count="0"/>
      <line num="83" type="stmt" count="0"/>
      <line num="84" type="stmt" count="0"/>
      <line num="85" type="stmt" count="0"/>
      <line num="87" type="stmt" count="1"/>
      <metrics loc="86" ncloc="54" classes="1" methods="2" coveredmethods="0" conditionals="0" coveredconditionals="0" statements="35" coveredstatements="18" elements="37" coveredelements="18"/>
    </file>
    <metrics files="50" loc="2121" ncloc="1807" classes="2" methods="48" coveredmethods="27" conditionals="0" coveredconditionals="0" statements="656" coveredstatements="578" elements="704" coveredelements="605"/>
  </project>
</coverage>
